\BOOKMARK [0][]{mychapter.0.20}{\376\377\000M\036\241\000c\000h\000\040\000d\000a\000o\000\040\001\021\036\331\000n\000g}{}% 1
\BOOKMARK [1][]{section.0.1}{\376\377\000L\000\375\000\040\000t\000h\000u\000y\036\277\000t\000:\000\040\000C\036\245\000u\000\040\000t\036\241\000o\000\040\000v\000\340\000\040\000n\000g\000u\000y\000\352\000n\000\040\000t\036\257\000c\000\040\000c\036\347\000a\000\040\000m\036\241\000c\000h\000\040\000d\000a\000o\000\040\001\021\036\331\000n\000g}{mychapter.0.20}% 2
\BOOKMARK [1][]{section.0.2}{\376\377\000D\036\241\000n\000g\000\040\000b\000\340\000i\000:\000\040\000B\000\340\000i\000\040\000t\000o\000\341\000n\000\040\000t\001\260\001\241\000n\000g\000\040\000t\036\361\000\040\000d\000a\000o\000\040\001\021\036\331\000n\000g\000\040\000c\001\241}{mychapter.0.20}% 3
\BOOKMARK [1][]{section.0.3}{\376\377\000D\036\241\000n\000g\000\040\000b\000\340\000i\000:\000\040\000B\000\340\000i\000\040\000t\000o\000\341\000n\000\040\000g\000h\000\351\000p\000\040\000t\036\345\000\040\000-\000\040\000t\036\345\000\040\000x\000o\000a\000y}{mychapter.0.20}% 4
\BOOKMARK [0][]{mychapter.0.21}{\376\377\001\020\000i\036\307\000n\000\040\000t\036\353\000\040\000t\000r\001\260\036\335\000n\000g\000\040\000-\000\040\000S\000\363\000n\000g\000\040\001\021\000i\036\307\000n\000\040\000t\036\353\000\040\000-\000\040\000N\000g\000u\000y\000\352\000n\000\040\000t\036\257\000c\000\040\000t\000h\000\364\000n\000g\000\040\000t\000i\000n\000\040\000l\000i\000\352\000n\000\040\000l\036\241\000c\000\040\000b\036\261\000n\000g\000\040\000s\000\363\000n\000g\000\040\000v\000\364\000\040\000t\000u\000y\036\277\000n}{}% 5
\BOOKMARK [1][]{section.0.1}{\376\377\000L\000\375\000\040\000t\000h\000u\000y\036\277\000t\000:\000\040\001\020\000i\036\307\000n\000\040\000t\036\353\000\040\000t\000r\001\260\036\335\000n\000g}{mychapter.0.21}% 6
\BOOKMARK [1][]{section.0.2}{\376\377\000L\000\375\000\040\000t\000h\000u\000y\036\277\000t\000:\000\040\000S\000\363\000n\000g\000\040\001\021\000i\036\307\000n\000\040\000t\036\353\000\040\000v\000\340\000\040\000t\000r\000u\000y\036\301\000n\000\040\000s\000\363\000n\000g\000\040\001\021\000i\036\307\000n\000\040\000t\036\353}{mychapter.0.21}% 7
\BOOKMARK [1][]{section.0.3}{\376\377\000L\000\375\000\040\000t\000h\000u\000y\036\277\000t\000:\000\040\000N\000g\000u\000y\000\352\000n\000\040\000t\036\257\000c\000\040\000t\000h\000\364\000n\000g\000\040\000t\000i\000n\000\040\000l\000i\000\352\000n\000\040\000l\036\241\000c\000\040\000b\036\261\000n\000g\000\040\000s\000\363\000n\000g\000\040\000v\000\364\000\040\000t\000u\000y\036\277\000n}{mychapter.0.21}% 8
\BOOKMARK [0][]{mychapter.0.24}{\376\377\000T\000\341\000n\000\040\000s\036\257\000c\000\040\000\341\000n\000h\000\040\000s\000\341\000n\000g}{}% 9
\BOOKMARK [1][]{section.0.1}{\376\377\000L\000\375\000\040\000t\000h\000u\000y\036\277\000t\000:\000\040\000T\000\341\000n\000\040\000s\036\257\000c\000\040\000\341\000n\000h\000\040\000s\000\341\000n\000g}{mychapter.0.24}% 10
\BOOKMARK [1][]{section.0.2}{\376\377\000D\036\241\000n\000g\000\040\000b\000\340\000i\000:\000\040\000T\000\341\000n\000\040\000s\036\257\000c\000\040\000\341\000n\000h\000\040\000s\000\341\000n\000g}{mychapter.0.24}% 11
\BOOKMARK [0][]{mychapter.0.25}{\376\377\000G\000i\000a\000o\000\040\000t\000h\000o\000a\000\040\000\341\000n\000h\000\040\000s\000\341\000n\000g}{}% 12
\BOOKMARK [1][]{section.0.1}{\376\377\000L\000\375\000\040\000t\000h\000u\000y\036\277\000t\000:\000\040\000G\000i\000a\000o\000\040\000t\000h\000o\000a\000\040\000\341\000n\000h\000\040\000s\000\341\000n\000g\000\040\000v\000\340\000\040\001\021\000i\036\301\000u\000\040\000k\000i\036\307\000n\000\040\000x\036\243\000y\000\040\000r\000a\000\040\000g\000i\000a\000o\000\040\000t\000h\000o\000a\000\040\000\341\000n\000h\000\040\000s\000\341\000n\000g}{mychapter.0.25}% 13
\BOOKMARK [1][]{section.0.2}{\376\377\000D\036\241\000n\000g\000\040\000b\000\340\000i\000:\000\040\000G\000i\000a\000o\000\040\000t\000h\000o\000a\000\040\000\341\000n\000h\000\040\000s\000\341\000n\000g\000\040\001\021\001\241\000n\000\040\000s\036\257\000c}{mychapter.0.25}% 14
\BOOKMARK [1][]{section.0.3}{\376\377\000D\036\241\000n\000g\000\040\000b\000\340\000i\000:\000\040\000G\000i\000a\000o\000\040\000t\000h\000o\000a\000\040\000n\000h\000i\036\301\000u\000\040\000\341\000n\000h\000\040\000s\000\341\000n\000g\000\040\001\021\001\241\000n\000\040\000s\036\257\000c}{mychapter.0.25}% 15
\BOOKMARK [1][]{section.0.4}{\376\377\000D\036\241\000n\000g\000\040\000b\000\340\000i\000:\000\040\000G\000i\000a\000o\000\040\000t\000h\000o\000a\000\040\000\341\000n\000h\000\040\000s\000\341\000n\000g\000\040\000t\000r\036\257\000n\000g}{mychapter.0.25}% 16
\BOOKMARK [0][]{mychapter.0.26}{\376\377\000C\000\341\000c\000\040\000l\000o\036\241\000i\000\040\000q\000u\000a\000n\000g\000\040\000p\000h\036\325\000.\000\040\000T\000i\000a\000\040\000h\036\323\000n\000g\000\040\000n\000g\000o\036\241\000i\000\040\000v\000\340\000\040\000t\000i\000a\000\040\000t\036\355\000\040\000n\000g\000o\036\241\000i}{}% 17
\BOOKMARK [1][]{section.0.1}{\376\377\000L\000\375\000\040\000t\000h\000u\000y\036\277\000t\000:\000\040\000M\000\341\000y\000\040\000q\000u\000a\000n\000g\000\040\000p\000h\036\325}{mychapter.0.26}% 18
\BOOKMARK [1][]{section.0.2}{\376\377\000L\000\375\000\040\000t\000h\000u\000y\036\277\000t\000:\000\040\000C\000\341\000c\000\040\000l\000o\036\241\000i\000\040\000q\000u\000a\000n\000g\000\040\000p\000h\036\325}{mychapter.0.26}% 19
\BOOKMARK [1][]{section.0.3}{\376\377\000L\000\375\000\040\000t\000h\000u\000y\036\277\000t\000:\000\040\000T\000i\000a\000\040\000h\036\323\000n\000g\000\040\000n\000g\000o\036\241\000i}{mychapter.0.26}% 20
\BOOKMARK [1][]{section.0.4}{\376\377\000L\000\375\000\040\000t\000h\000u\000y\036\277\000t\000:\000\040\000T\000i\000a\000\040\000t\036\355\000\040\000n\000g\000o\036\241\000i}{mychapter.0.26}% 21
\BOOKMARK [0][]{mychapter.0.28}{\376\377\000T\000i\000a\000\040\000X}{}% 22
\BOOKMARK [1][]{section.0.1}{\376\377\000L\000\375\000\040\000t\000h\000u\000y\036\277\000t\000:\000\040\000T\000i\000a\000\040\000X}{mychapter.0.28}% 23
\BOOKMARK [1][]{section.0.2}{\376\377\000D\036\241\000n\000g\000\040\000b\000\340\000i\000:\000\040\000T\000i\000a\000\040\000X}{mychapter.0.28}% 24
\BOOKMARK [1][]{section.0.3}{\376\377\000L\000\375\000\040\000t\000h\000u\000y\036\277\000t\000:\000\040\000T\000h\000a\000n\000g\000\040\000s\000\363\000n\000g\000\040\001\021\000i\036\307\000n\000\040\000t\036\353}{mychapter.0.28}% 25
\BOOKMARK [0][]{chapter.1}{\376\377\000\324\000n\000\040\000t\036\255\000p\000:\000\040\000C\000h\001\260\001\241\000n\000g\000\040\000V\000.\000\040\000S\000\363\000n\000g\000\040\000\341\000n\000h\000\040\000s\000\341\000n\000g}{}% 26
\BOOKMARK [1][]{section.1.1}{\376\377\000T\000\341\000n\000\040\000s\036\257\000c\000\040\000\341\000n\000h\000\040\000s\000\341\000n\000g}{chapter.1}% 27
\BOOKMARK [1][]{section.1.2}{\376\377\000G\000i\000a\000o\000\040\000t\000h\000o\000a\000\040\000\341\000n\000h\000\040\000s\000\341\000n\000g}{chapter.1}% 28
\BOOKMARK [1][]{section.1.3}{\376\377\000C\000\341\000c\000\040\000l\000o\036\241\000i\000\040\000q\000u\000a\000n\000g\000\040\000p\000h\036\325\000.\000\040\000T\000i\000a\000\040\000h\036\323\000n\000g\000\040\000n\000g\000o\036\241\000i\000,\000\040\000t\000i\000a\000\040\000t\036\355\000\040\000n\000g\000o\036\241\000i\000\040\000v\000\340\000\040\000t\000i\000a\000\040\000X}{chapter.1}% 29
\BOOKMARK [1][]{section.1.4}{\376\377\000B\000\340\000i\000\040\000t\000o\000\341\000n\000\040\000v\036\301\000\040\000t\000i\000a\000\040\000X}{chapter.1}% 30
\BOOKMARK [0][]{mychapter.0.30}{\376\377\000H\000i\036\307\000n\000\040\000t\001\260\036\343\000n\000g\000\040\000q\000u\000a\000n\000g\000\040\001\021\000i\036\307\000n\000.\000\040\000T\000h\000u\000y\036\277\000t\000\040\000l\001\260\036\343\000n\000g\000\040\000t\036\355\000\040\000\341\000n\000h\000\040\000s\000\341\000n\000g}{}% 31
\BOOKMARK [1][]{section.1.1}{\376\377\000L\000\375\000\040\000t\000h\000u\000y\036\277\000t\000:\000\040\000H\000i\036\307\000n\000\040\000t\001\260\036\343\000n\000g\000\040\000q\000u\000a\000n\000g\000\040\001\021\000i\036\307\000n\000\040\000v\000\340\000\040\000c\000\341\000c\000\040\001\021\036\313\000n\000h\000\040\000l\000u\036\255\000t\000\040\000q\000u\000a\000n\000g\000\040\001\021\000i\036\307\000n}{mychapter.0.30}% 32
\BOOKMARK [1][]{section.1.2}{\376\377\000D\036\241\000n\000g\000\040\000b\000\340\000i\000:\000\040\000H\036\307\000\040\000t\000h\036\351\000c\000\040\000E\000i\000n\000s\000t\000e\000i\000n\000\040\000t\000r\000o\000n\000g\000\040\000h\000i\036\307\000n\000\040\000t\001\260\036\343\000n\000g\000\040\000q\000u\000a\000n\000g\000\040\001\021\000i\036\307\000n}{mychapter.0.30}% 33
\BOOKMARK [1][]{section.1.3}{\376\377\000L\000\375\000\040\000t\000h\000u\000y\036\277\000t\000:\000\040\000T\000h\000u\000y\036\277\000t\000\040\000l\001\260\036\343\000n\000g\000\040\000t\036\355\000\040\000\341\000n\000h\000\040\000s\000\341\000n\000g\000\040\000v\000\340\000\040\000l\001\260\036\341\000n\000g\000\040\000t\000\355\000n\000h\000\040\000s\000\363\000n\000g\000\040\000h\036\241\000t\000\040\000c\036\347\000a\000\040\000\341\000n\000h\000\040\000s\000\341\000n\000g}{mychapter.0.30}% 34
\BOOKMARK [0][]{mychapter.0.31}{\376\377\000H\000i\036\307\000n\000\040\000t\001\260\036\343\000n\000g\000\040\000q\000u\000a\000n\000g\000\040\001\021\000i\036\307\000n\000\040\000t\000r\000o\000n\000g}{}% 35
\BOOKMARK [1][]{section.1.1}{\376\377\000L\000\375\000\040\000t\000h\000u\000y\036\277\000t\000:\000\040\000H\000i\036\307\000n\000\040\000t\001\260\036\343\000n\000g\000\040\000q\000u\000a\000n\000g\000\040\001\021\000i\036\307\000n\000\040\000t\000r\000o\000n\000g}{mychapter.0.31}% 36
\BOOKMARK [1][]{section.1.2}{\376\377\000D\036\241\000n\000g\000\040\000b\000\340\000i\000:\000\040\001\020\000i\036\301\000u\000\040\000k\000i\036\307\000n\000\040\000x\036\243\000y\000\040\000r\000a\000\040\000h\000i\036\307\000n\000\040\000t\001\260\036\343\000n\000g\000\040\000q\000u\000a\000n\000g\000\040\001\021\000i\036\307\000n\000\040\000t\000r\000o\000n\000g}{mychapter.0.31}% 37
\BOOKMARK [0][]{mychapter.0.32}{\376\377\000H\000i\036\307\000n\000\040\000t\001\260\036\343\000n\000g\000\040\000q\000u\000a\000n\000g\000\040\000-\000\040\000p\000h\000\341\000t\000\040\000q\000u\000a\000n\000g}{}% 38
\BOOKMARK [1][]{section.1.1}{\376\377\000L\000\375\000\040\000t\000h\000u\000y\036\277\000t\000:\000\040\000H\000i\036\307\000n\000\040\000t\001\260\036\343\000n\000g\000\040\000q\000u\000a\000n\000g\000\040\000-\000\040\000p\000h\000\341\000t\000\040\000q\000u\000a\000n\000g}{mychapter.0.32}% 39
\BOOKMARK [1][]{section.1.2}{\376\377\000D\036\241\000n\000g\000\040\000b\000\340\000i\000:\000\040\000H\000i\036\307\000u\000\040\000s\000u\036\245\000t\000\040\000p\000h\000\341\000t\000\040\000q\000u\000a\000n\000g\000,\000\040\000h\000i\036\307\000u\000\040\000s\000u\036\245\000t\000\040\000l\001\260\036\343\000n\000g\000\040\000t\036\355}{mychapter.0.32}% 40
\BOOKMARK [0][]{mychapter.0.33}{\376\377\000M\036\253\000u\000\040\000n\000g\000u\000y\000\352\000n\000\040\000t\036\355\000\040\000B\000o}{}% 41
\BOOKMARK [1][]{section.1.1}{\376\377\000L\000\375\000\040\000t\000h\000u\000y\036\277\000t\000:\000\040\000M\036\253\000u\000\040\000n\000g\000u\000y\000\352\000n\000\040\000t\036\355\000\040\000B\000o\000h\000r\000:\000\040\0002\000\040\000t\000i\000\352\000n\000\040\001\021\036\301\000\040\000B\000o\000h\000r}{mychapter.0.33}% 42
\BOOKMARK [1][]{section.1.2}{\376\377\000L\000\375\000\040\000t\000h\000u\000y\036\277\000t\000:\000\040\000Q\000u\000a\000n\000g\000\040\000p\000h\036\325\000\040\000v\036\241\000c\000h\000\040\000c\036\347\000a\000\040\000n\000g\000u\000y\000\352\000n\000\040\000t\036\355\000\040\000h\000y\000d\000r\000o}{mychapter.0.33}% 43
\BOOKMARK [0][]{mychapter.0.34}{\376\377\000S\001\241\000\040\000l\001\260\036\343\000c\000\040\000v\036\301\000\040\000l\000a\000s\000e\000r}{}% 44
\BOOKMARK [0][]{chapter.2}{\376\377\000\324\000n\000\040\000t\036\255\000p\000:\000\040\000C\000h\001\260\001\241\000n\000g\000\040\000V\000I\000.\000\040\000L\001\260\036\343\000n\000g\000\040\000t\036\355\000\040\000\341\000n\000h\000\040\000s\000\341\000n\000g}{}% 45
\BOOKMARK [1][]{section.2.1}{\376\377\000H\000i\036\307\000n\000\040\000t\001\260\036\343\000n\000g\000\040\000q\000u\000a\000n\000g\000\040\001\021\000i\036\307\000n\000.\000\040\000T\000h\000u\000y\036\277\000t\000\040\000l\001\260\036\343\000n\000g\000\040\000t\036\355\000\040\000\341\000n\000h\000\040\000s\000\341\000n\000g}{chapter.2}% 46
\BOOKMARK [1][]{section.2.2}{\376\377\000H\000i\036\307\000n\000\040\000t\001\260\036\343\000n\000g\000\040\000q\000u\000a\000n\000g\000\040\001\021\000i\036\307\000n\000\040\000t\000r\000o\000n\000g}{chapter.2}% 47
\BOOKMARK [1][]{section.2.3}{\376\377\000H\000i\036\307\000n\000\040\000t\001\260\036\343\000n\000g\000\040\000q\000u\000a\000n\000g\000\040\000-\000\040\000p\000h\000\341\000t\000\040\000q\000u\000a\000n\000g}{chapter.2}% 48
\BOOKMARK [1][]{section.2.4}{\376\377\000M\036\253\000u\000\040\000n\000g\000u\000y\000\352\000n\000\040\000t\036\355\000\040\000B\000o}{chapter.2}% 49
\BOOKMARK [1][]{section.2.5}{\376\377\000S\001\241\000\040\000l\001\260\036\343\000c\000\040\000v\036\301\000\040\000l\000a\000s\000e\000r}{chapter.2}% 50
\BOOKMARK [0][]{mychapter.0.35}{\376\377\000T\000\355\000n\000h\000\040\000c\000h\036\245\000t\000\040\000v\000\340\000\040\000c\036\245\000u\000\040\000t\036\241\000o\000\040\000h\036\241\000t\000\040\000n\000h\000\342\000n}{}% 51
\BOOKMARK [1][]{section.2.1}{\376\377\000L\000\375\000\040\000t\000h\000u\000y\036\277\000t\000:\000\040\000T\000\355\000n\000h\000\040\000c\000h\036\245\000t\000\040\000v\000\340\000\040\000c\036\245\000u\000\040\000t\036\241\000o\000\040\000h\036\241\000t\000\040\000n\000h\000\342\000n}{mychapter.0.35}% 52
\BOOKMARK [1][]{section.2.2}{\376\377\000D\036\241\000n\000g\000\040\000b\000\340\000i\000:\000\040\001\020\036\331\000\040\000h\036\345\000t\000\040\000k\000h\036\321\000i\000,\000\040\000k\000h\036\321\000i\000\040\000l\001\260\036\343\000n\000g\000\040\000v\000\340\000\040\000n\001\003\000n\000g\000\040\000l\001\260\036\343\000n\000g\000\040\000c\036\347\000a\000\040\000h\036\241\000t\000\040\000n\000h\000\342\000n}{mychapter.0.35}% 53
\BOOKMARK [0][]{mychapter.0.36}{\376\377\000N\001\003\000n\000g\000\040\000l\001\260\036\343\000n\000g\000\040\000l\000i\000\352\000n\000\040\000k\036\277\000t\000\040\000c\036\347\000a\000\040\000h\036\241\000t\000\040\000n\000h\000\342\000n\000.\000\040\000P\000h\036\243\000n\000\040\036\351\000n\000g\000\040\000h\036\241\000t\000\040\000n\000h\000\342\000n}{}% 54
\BOOKMARK [1][]{section.2.1}{\376\377\000L\000\375\000\040\000t\000h\000u\000y\036\277\000t\000:\000\040\000N\001\003\000n\000g\000\040\000l\001\260\036\343\000n\000g\000\040\000l\000i\000\352\000n\000\040\000k\036\277\000t\000,\000\040\000n\001\003\000n\000g\000\040\000l\001\260\036\343\000n\000g\000\040\000l\000i\000\352\000n\000\040\000k\036\277\000t\000\040\000r\000i\000\352\000n\000g\000\040\000c\036\347\000a\000\040\000h\036\241\000t\000\040\000n\000h\000\342\000n}{mychapter.0.36}% 55
\BOOKMARK [1][]{section.2.2}{\376\377\000D\036\241\000n\000g\000\040\000b\000\340\000i\000:\000\040\000P\000h\001\260\001\241\000n\000g\000\040\000t\000r\000\354\000n\000h\000\040\000p\000h\036\243\000n\000\040\036\351\000n\000g\000\040\000h\036\241\000t\000\040\000n\000h\000\342\000n\000.\000\040\000N\001\003\000n\000g\000\040\000l\001\260\036\343\000n\000g\000\040\000t\036\317\000a\000\040\000r\000a\000\040\000h\000o\036\267\000c\000\040\000t\000h\000u\000\040\000v\000\340\000o\000\040\000t\000r\000o\000n\000g\000\040\000p\000h\036\243\000n\000\040\036\351\000n\000g\000\040\000h\036\241\000t\000\040\000n\000h\000\342\000n}{mychapter.0.36}% 56
\BOOKMARK [1][]{section.2.3}{\376\377\000L\000\375\000\040\000t\000h\000u\000y\036\277\000t\000:\000\040\000C\000\341\000c\000\040\001\021\036\313\000n\000h\000\040\000l\000u\036\255\000t\000\040\000b\036\243\000o\000\040\000t\000o\000\340\000n\000\040\000t\000r\000o\000n\000g\000\040\000p\000h\036\243\000n\000\040\036\351\000n\000g\000\040\000h\036\241\000t\000\040\000n\000h\000\342\000n}{mychapter.0.36}% 57
\BOOKMARK [0][]{mychapter.0.37}{\376\377\000P\000h\000\363\000n\000g\000\040\000x\036\241}{}% 58
\BOOKMARK [1][]{section.2.1}{\376\377\000L\000\375\000\040\000t\000h\000u\000y\036\277\000t\000:\000\040\000H\000i\036\307\000n\000\040\000t\001\260\036\343\000n\000g\000\040\000p\000h\000\363\000n\000g\000\040\000x\036\241\000\040\000h\036\241\000t\000\040\000n\000h\000\342\000n\000\040\000v\000\340\000\040\000c\000\341\000c\000\040\000l\000o\036\241\000i\000\040\000t\000i\000a\000\040\000p\000h\000\363\000n\000g\000\040\000x\036\241}{mychapter.0.37}% 59
\BOOKMARK [1][]{section.2.2}{\376\377\000D\036\241\000n\000g\000\040\000b\000\340\000i\000:\000\040\001\020\036\313\000n\000h\000\040\000l\000u\036\255\000t\000\040\000p\000h\000\363\000n\000g\000\040\000x\036\241}{mychapter.0.37}% 60
\BOOKMARK [0][]{chapter.3}{\376\377\000\324\000n\000\040\000t\036\255\000p\000:\000\040\000C\000h\001\260\001\241\000n\000g\000\040\000V\000I\000I\000.\000\040\000H\036\241\000t\000\040\000n\000h\000\342\000n\000\040\000n\000g\000u\000y\000\352\000n\000\040\000t\036\355}{}% 61
\BOOKMARK [1][]{section.3.1}{\376\377\000T\000\355\000n\000h\000\040\000c\000h\036\245\000t\000\040\000v\000\340\000\040\000c\036\245\000u\000\040\000t\036\241\000o\000\040\000h\036\241\000t\000\040\000n\000h\000\342\000n}{chapter.3}% 62
\BOOKMARK [1][]{section.3.2}{\376\377\000N\001\003\000n\000g\000\040\000l\001\260\036\343\000n\000g\000\040\000l\000i\000\352\000n\000\040\000k\036\277\000t\000\040\000c\036\347\000a\000\040\000h\036\241\000t\000\040\000n\000h\000\342\000n\000.\000\040\000P\000h\036\243\000n\000\040\036\351\000n\000g\000\040\000h\036\241\000t\000\040\000n\000h\000\342\000n}{chapter.3}% 63
\BOOKMARK [1][]{section.3.3}{\376\377\000P\000h\000\363\000n\000g\000\040\000x\036\241}{chapter.3}% 64
\BOOKMARK [0][]{chapter.4}{\376\377\000D\000a\000n\000h\000\040\000m\036\345\000c\000\040\000t\000r\000\355\000c\000h\000\040\000d\036\253\000n\000\040\001\021\036\301\000\040\000t\000h\000i\000\040\000H\036\315\000c\000\040\000k\000\354\000\040\000I\000I}{}% 65
