This is pdfTeX, Version 3.141592653-2.6-1.40.22 (TeX Live 2021/W32TeX) (preloaded format=pdflatex 2021.10.23)  6 NOV 2021 03:40
entering extended mode
 restricted \write18 enabled.
 %&-line parsing enabled.
**VN12-2021-PH-TP031.tex
(./VN12-2021-PH-TP031.tex
LaTeX2e <2020-10-01> patch level 4
L3 programming layer <2021-02-18>
! Undefined control sequence.
l.1 \whiteBGstarBegin
                     
The control sequence at the end of the top line
of your error message was never \def'ed. If you have
misspelled it (e.g., `\hobx'), type `I' and the correct
spelling (e.g., `I\hbox'). Otherwise just continue,
and I'll forget about whatever was undefined.


! LaTeX Error: No counter 'section' defined.

See the LaTeX manual or LaTeX Companion for explanation.
Type  H <return>  for immediate help.
 ...                                              
                                                  
l.2 \setcounter{section}{0}
                           
Your command was ignored.
Type  I <command> <return>  to replace it with another command,
or  <return>  to continue without it.

! Undefined control sequence.
l.3 \section
            {L√Ω thuy·∫øt: Hi·ªán t∆∞·ª£ng quang ƒëi·ªán trong}
The control sequence at the end of the top line
of your error message was never \def'ed. If you have
misspelled it (e.g., `\hobx'), type `I' and the correct
spelling (e.g., `I\hbox'). Otherwise just continue,
and I'll forget about whatever was undefined.


! LaTeX Error: Missing \begin{document}.

See the LaTeX manual or LaTeX Companion for explanation.
Type  H <return>  for immediate help.
 ...                                              
                                                  
l.3 \section{L
              √Ω thuy·∫øt: Hi·ªán t∆∞·ª£ng quang ƒëi·ªán trong}
You're in trouble here.  Try typing  <return>  to proceed.
If that doesn't work, type  X <return>  to quit.

Missing character: There is no L in font nullfont!
LaTeX Font Info:    Trying to load font information for +cmr on input line 3.
LaTeX Font Info:    No file cmr.fd. on input line 3.

LaTeX Font Warning: Font shape `/cmr/m/n' undefined
(Font)              using `/cmr/m/n' instead on input line 3.

! Corrupted NFSS tables.
wrong@fontshape ...message {Corrupted NFSS tables}
                                                  error@fontshape else let f...
l.3 \section{L√Ω
                 thuy·∫øt: Hi·ªán t∆∞·ª£ng quang ƒëi·ªán trong}
This error message was generated by an \errmessage
command, so I can't give any explicit help.
Pretend that you're Hercule Poirot: Examine all clues,
and deduce the truth by order and method.


LaTeX Font Warning: Font shape `/cmr/m/n' undefined
(Font)              using `OT1/cmr/m/n' instead on input line 3.

Missing character: There is no t in font nullfont!
Missing character: There is no h in font nullfont!
Missing character: There is no u in font nullfont!
Missing character: There is no y in font nullfont!

! Package inputenc Error: Unicode character ·∫ø (U+1EBF)
(inputenc)                not set up for use with LaTeX.

See the inputenc package documentation for explanation.
Type  H <return>  for immediate help.
 ...                                              
                                                  
l.3 \section{L√Ω thuy·∫ø
                        t: Hi·ªán t∆∞·ª£ng quang ƒëi·ªán trong}
You may provide a definition with
\DeclareUnicodeCharacter 

Missing character: There is no t in font nullfont!
Missing character: There is no : in font nullfont!
Missing character: There is no H in font nullfont!
Missing character: There is no i in font nullfont!

! Package inputenc Error: Unicode character ·ªá (U+1EC7)
(inputenc)                not set up for use with LaTeX.

See the inputenc package documentation for explanation.
Type  H <return>  for immediate help.
 ...                                              
                                                  
l.3 \section{L√Ω thuy·∫øt: Hi·ªá
                                n t∆∞·ª£ng quang ƒëi·ªán trong}
You may provide a definition with
\DeclareUnicodeCharacter 

Missing character: There is no n in font nullfont!
Missing character: There is no t in font nullfont!

! Package inputenc Error: Unicode character ∆∞ (U+01B0)
(inputenc)                not set up for use with LaTeX.

See the inputenc package documentation for explanation.
Type  H <return>  for immediate help.
 ...                                              
                                                  
l.3 \section{L√Ω thuy·∫øt: Hi·ªán t∆∞
                                     ·ª£ng quang ƒëi·ªán trong}
You may provide a definition with
\DeclareUnicodeCharacter 


! Package inputenc Error: Unicode character ·ª£ (U+1EE3)
(inputenc)                not set up for use with LaTeX.

See the inputenc package documentation for explanation.
Type  H <return>  for immediate help.
 ...                                              
                                                  
l.3 \section{L√Ω thuy·∫øt: Hi·ªán t∆∞·ª£
                                        ng quang ƒëi·ªán trong}
You may provide a definition with
\DeclareUnicodeCharacter 

Missing character: There is no n in font nullfont!
Missing character: There is no g in font nullfont!
Missing character: There is no q in font nullfont!
Missing character: There is no u in font nullfont!
Missing character: There is no a in font nullfont!
Missing character: There is no n in font nullfont!
Missing character: There is no g in font nullfont!

! LaTeX Error: Command \dj unavailable in encoding .

See the LaTeX manual or LaTeX Companion for explanation.
Type  H <return>  for immediate help.
 ...                                              
                                                  
l.3 ...tion{L√Ω thuy·∫øt: Hi·ªán t∆∞·ª£ng quang ƒë
                                                  i·ªán trong}
Your command was ignored.
Type  I <command> <return>  to replace it with another command,
or  <return>  to continue without it.

Missing character: There is no i in font nullfont!

! Package inputenc Error: Unicode character ·ªá (U+1EC7)
(inputenc)                not set up for use with LaTeX.

See the inputenc package documentation for explanation.
Type  H <return>  for immediate help.
 ...                                              
                                                  
l.3 ...{L√Ω thuy·∫øt: Hi·ªán t∆∞·ª£ng quang ƒëi·ªá
                                                  n trong}
You may provide a definition with
\DeclareUnicodeCharacter 

Missing character: There is no n in font nullfont!
Missing character: There is no t in font nullfont!
Missing character: There is no r in font nullfont!
Missing character: There is no o in font nullfont!
Missing character: There is no n in font nullfont!
Missing character: There is no g in font nullfont!

Overfull \hbox (30.27782pt too wide) in paragraph at lines 3--4
[]\/cmr/m/n/10 ^^Sy
 []


! LaTeX Error: Missing \begin{document}.

See the LaTeX manual or LaTeX Companion for explanation.
Type  H <return>  for immediate help.
 ...                                              
                                                  
l.4 \begin{enumerate}[
                      label=\bfseries C√¢u \arabic*:]
You're in trouble here.  Try typing  <return>  to proceed.
If that doesn't work, type  X <return>  to quit.

Missing character: There is no [ in font nullfont!
Missing character: There is no l in font nullfont!
Missing character: There is no a in font nullfont!
Missing character: There is no b in font nullfont!
Missing character: There is no e in font nullfont!
Missing character: There is no l in font nullfont!
Missing character: There is no = in font nullfont!
! Missing number, treated as zero.
<to be read again> 
                   \c@* 
l.4 ...in{enumerate}[label=\bfseries C√¢u \arabic*
                                                  :]
A number should have been here; I inserted `0'.
(If you can't figure out why I needed to see a number,
look up `weird error' in the index to The TeXbook.)


! LaTeX Error: Something's wrong--perhaps a missing \item.

See the LaTeX manual or LaTeX Companion for explanation.
Type  H <return>  for immediate help.
 ...                                              
                                                  
l.7 	\item \mkstar
                  {1} [1]
Try typing  <return>  to proceed.
If that doesn't work, type  X <return>  to quit.


! LaTeX Error: Something's wrong--perhaps a missing \item.

See the LaTeX manual or LaTeX Companion for explanation.
Type  H <return>  for immediate help.
 ...                                              
                                                  
l.7 	\item \mkstar
                  {1} [1]
Try typing  <return>  to proceed.
If that doesn't work, type  X <return>  to quit.


! LaTeX Error: Something's wrong--perhaps a missing \item.

See the LaTeX manual or LaTeX Companion for explanation.
Type  H <return>  for immediate help.
 ...                                              
                                                  
l.7 	\item \mkstar
                  {1} [1]
Try typing  <return>  to proceed.
If that doesn't work, type  X <return>  to quit.

! Undefined control sequence.
<recently read> \mkstar 
                        
l.7 	\item \mkstar
                  {1} [1]
The control sequence at the end of the top line
of your error message was never \def'ed. If you have
misspelled it (e.g., `\hobx'), type `I' and the correct
spelling (e.g., `I\hbox'). Otherwise just continue,
and I'll forget about whatever was undefined.

! Undefined control sequence.
l.9 	\cauhoi
            
The control sequence at the end of the top line
of your error message was never \def'ed. If you have
misspelled it (e.g., `\hobx'), type `I' and the correct
spelling (e.g., `I\hbox'). Otherwise just continue,
and I'll forget about whatever was undefined.


! Package inputenc Error: Unicode character ·ªá (U+1EC7)
(inputenc)                not set up for use with LaTeX.

See the inputenc package documentation for explanation.
Type  H <return>  for immediate help.
 ...                                              
                                                  
l.10 	{Hi·ªá
            n t∆∞·ª£ng ch·∫•t b√°n d·∫´n tr·ªü n√™n d·∫´n ƒëi·ªán t·ªët h∆°n...

You may provide a definition with
\DeclareUnicodeCharacter 


! Package inputenc Error: Unicode character ∆∞ (U+01B0)
(inputenc)                not set up for use with LaTeX.

See the inputenc package documentation for explanation.
Type  H <return>  for immediate help.
 ...                                              
                                                  
l.10 	{Hi·ªán t∆∞
                 ·ª£ng ch·∫•t b√°n d·∫´n tr·ªü n√™n d·∫´n ƒëi·ªán t·ªët h∆°n...

You may provide a definition with
\DeclareUnicodeCharacter 


! Package inputenc Error: Unicode character ·ª£ (U+1EE3)
(inputenc)                not set up for use with LaTeX.

See the inputenc package documentation for explanation.
Type  H <return>  for immediate help.
 ...                                              
                                                  
l.10 	{Hi·ªán t∆∞·ª£
                    ng ch·∫•t b√°n d·∫´n tr·ªü n√™n d·∫´n ƒëi·ªán t·ªët h∆°n...

You may provide a definition with
\DeclareUnicodeCharacter 


! Package inputenc Error: Unicode character ·∫• (U+1EA5)
(inputenc)                not set up for use with LaTeX.

See the inputenc package documentation for explanation.
Type  H <return>  for immediate help.
 ...                                              
                                                  
l.10 	{Hi·ªán t∆∞·ª£ng ch·∫•
                            t b√°n d·∫´n tr·ªü n√™n d·∫´n ƒëi·ªán t·ªët h∆°n...

You may provide a definition with
\DeclareUnicodeCharacter 


! Package inputenc Error: Unicode character ·∫´ (U+1EAB)
(inputenc)                not set up for use with LaTeX.

See the inputenc package documentation for explanation.
Type  H <return>  for immediate help.
 ...                                              
                                                  
l.10 	{Hi·ªán t∆∞·ª£ng ch·∫•t b√°n d·∫´
                                       n tr·ªü n√™n d·∫´n ƒëi·ªán t·ªët h∆°n...

You may provide a definition with
\DeclareUnicodeCharacter 


! Package inputenc Error: Unicode character ·ªü (U+1EDF)
(inputenc)                not set up for use with LaTeX.

See the inputenc package documentation for explanation.
Type  H <return>  for immediate help.
 ...                                              
                                                  
l.10 	{Hi·ªán t∆∞·ª£ng ch·∫•t b√°n d·∫´n tr·ªü
                                               n√™n d·∫´n ƒëi·ªán t·ªët h∆°n...

You may provide a definition with
\DeclareUnicodeCharacter 


! Package inputenc Error: Unicode character ·∫´ (U+1EAB)
(inputenc)                not set up for use with LaTeX.

See the inputenc package documentation for explanation.
Type  H <return>  for immediate help.
 ...                                              
                                                  
l.10 ...t∆∞·ª£ng ch·∫•t b√°n d·∫´n tr·ªü n√™n d·∫´
                                                  n ƒëi·ªán t·ªët h∆°n khi ƒ...

You may provide a definition with
\DeclareUnicodeCharacter 


! LaTeX Error: Command \dj unavailable in encoding OT1.

See the LaTeX manual or LaTeX Companion for explanation.
Type  H <return>  for immediate help.
 ...                                              
                                                  
l.10 ...ª£ng ch·∫•t b√°n d·∫´n tr·ªü n√™n d·∫´n ƒë
                                                  i·ªán t·ªët h∆°n khi ƒë∆∞·...

Your command was ignored.
Type  I <command> <return>  to replace it with another command,
or  <return>  to continue without it.


! Package inputenc Error: Unicode character ·ªá (U+1EC7)
(inputenc)                not set up for use with LaTeX.

See the inputenc package documentation for explanation.
Type  H <return>  for immediate help.
 ...                                              
                                                  
l.10 ... ch·∫•t b√°n d·∫´n tr·ªü n√™n d·∫´n ƒëi·ªá
                                                  n t·ªët h∆°n khi ƒë∆∞·ª£c ...

You may provide a definition with
\DeclareUnicodeCharacter 


! Package inputenc Error: Unicode character ·ªë (U+1ED1)
(inputenc)                not set up for use with LaTeX.

See the inputenc package documentation for explanation.
Type  H <return>  for immediate help.
 ...                                              
                                                  
l.10 ...t b√°n d·∫´n tr·ªü n√™n d·∫´n ƒëi·ªán t·ªë
                                                  t h∆°n khi ƒë∆∞·ª£c chi·∫ø...

You may provide a definition with
\DeclareUnicodeCharacter 


! Package inputenc Error: Unicode character ∆° (U+01A1)
(inputenc)                not set up for use with LaTeX.

See the inputenc package documentation for explanation.
Type  H <return>  for immediate help.
 ...                                              
                                                  
l.10 ...n d·∫´n tr·ªü n√™n d·∫´n ƒëi·ªán t·ªët h∆°
                                                  n khi ƒë∆∞·ª£c chi·∫øu s√°...

You may provide a definition with
\DeclareUnicodeCharacter 


! LaTeX Error: Command \dj unavailable in encoding OT1.

See the LaTeX manual or LaTeX Companion for explanation.
Type  H <return>  for immediate help.
 ...                                              
                                                  
l.10 ...tr·ªü n√™n d·∫´n ƒëi·ªán t·ªët h∆°n khi ƒë
                                                  ∆∞·ª£c chi·∫øu s√°ng th√≠c...

Your command was ignored.
Type  I <command> <return>  to replace it with another command,
or  <return>  to continue without it.


! Package inputenc Error: Unicode character ∆∞ (U+01B0)
(inputenc)                not set up for use with LaTeX.

See the inputenc package documentation for explanation.
Type  H <return>  for immediate help.
 ...                                              
                                                  
l.10 ...·ªü n√™n d·∫´n ƒëi·ªán t·ªët h∆°n khi ƒë∆∞
                                                  ·ª£c chi·∫øu s√°ng th√≠ch ...

You may provide a definition with
\DeclareUnicodeCharacter 


! Package inputenc Error: Unicode character ·ª£ (U+1EE3)
(inputenc)                not set up for use with LaTeX.

See the inputenc package documentation for explanation.
Type  H <return>  for immediate help.
 ...                                              
                                                  
l.10 ... n√™n d·∫´n ƒëi·ªán t·ªët h∆°n khi ƒë∆∞·ª£
                                                  c chi·∫øu s√°ng th√≠ch h·ª...

You may provide a definition with
\DeclareUnicodeCharacter 


! Package inputenc Error: Unicode character ·∫ø (U+1EBF)
(inputenc)                not set up for use with LaTeX.

See the inputenc package documentation for explanation.
Type  H <return>  for immediate help.
 ...                                              
                                                  
l.10 ...∫´n ƒëi·ªán t·ªët h∆°n khi ƒë∆∞·ª£c chi·∫ø
                                                  u s√°ng th√≠ch h·ª£p ƒë∆∞·...

You may provide a definition with
\DeclareUnicodeCharacter 


! Package inputenc Error: Unicode character ·ª£ (U+1EE3)
(inputenc)                not set up for use with LaTeX.

See the inputenc package documentation for explanation.
Type  H <return>  for immediate help.
 ...                                              
                                                  
l.10 ...∆°n khi ƒë∆∞·ª£c chi·∫øu s√°ng th√≠ch h·ª£
                                                  p ƒë∆∞·ª£c g·ªçi l√† hi·ªá...

You may provide a definition with
\DeclareUnicodeCharacter 


! LaTeX Error: Command \dj unavailable in encoding OT1.

See the LaTeX manual or LaTeX Companion for explanation.
Type  H <return>  for immediate help.
 ...                                              
                                                  
l.10 ...khi ƒë∆∞·ª£c chi·∫øu s√°ng th√≠ch h·ª£p ƒë
                                                  ∆∞·ª£c g·ªçi l√† hi·ªán t∆...

Your command was ignored.
Type  I <command> <return>  to replace it with another command,
or  <return>  to continue without it.


! Package inputenc Error: Unicode character ∆∞ (U+01B0)
(inputenc)                not set up for use with LaTeX.

See the inputenc package documentation for explanation.
Type  H <return>  for immediate help.
 ...                                              
                                                  
l.10 ...i ƒë∆∞·ª£c chi·∫øu s√°ng th√≠ch h·ª£p ƒë∆∞
                                                  ·ª£c g·ªçi l√† hi·ªán t∆∞·...

You may provide a definition with
\DeclareUnicodeCharacter 


! Package inputenc Error: Unicode character ·ª£ (U+1EE3)
(inputenc)                not set up for use with LaTeX.

See the inputenc package documentation for explanation.
Type  H <return>  for immediate help.
 ...                                              
                                                  
l.10 ...ë∆∞·ª£c chi·∫øu s√°ng th√≠ch h·ª£p ƒë∆∞·ª£
                                                  c g·ªçi l√† hi·ªán t∆∞·ª£ng
You may provide a definition with
\DeclareUnicodeCharacter 


! Package inputenc Error: Unicode character ·ªç (U+1ECD)
(inputenc)                not set up for use with LaTeX.

See the inputenc package documentation for explanation.
Type  H <return>  for immediate help.
 ...                                              
                                                  
l.10 ...c chi·∫øu s√°ng th√≠ch h·ª£p ƒë∆∞·ª£c g·ªç
                                                  i l√† hi·ªán t∆∞·ª£ng
You may provide a definition with
\DeclareUnicodeCharacter 


! Package inputenc Error: Unicode character ·ªá (U+1EC7)
(inputenc)                not set up for use with LaTeX.

See the inputenc package documentation for explanation.
Type  H <return>  for immediate help.
 ...                                              
                                                  
l.10 ...√°ng th√≠ch h·ª£p ƒë∆∞·ª£c g·ªçi l√† hi·ªá
                                                  n t∆∞·ª£ng
You may provide a definition with
\DeclareUnicodeCharacter 


! Package inputenc Error: Unicode character ∆∞ (U+01B0)
(inputenc)                not set up for use with LaTeX.

See the inputenc package documentation for explanation.
Type  H <return>  for immediate help.
 ...                                              
                                                  
l.10 ...th√≠ch h·ª£p ƒë∆∞·ª£c g·ªçi l√† hi·ªán t∆∞
                                                  ·ª£ng
You may provide a definition with
\DeclareUnicodeCharacter 


! Package inputenc Error: Unicode character ·ª£ (U+1EE3)
(inputenc)                not set up for use with LaTeX.

See the inputenc package documentation for explanation.
Type  H <return>  for immediate help.
 ...                                              
                                                  
l.10 ...≠ch h·ª£p ƒë∆∞·ª£c g·ªçi l√† hi·ªán t∆∞·ª£
                                                  ng
You may provide a definition with
\DeclareUnicodeCharacter 


! LaTeX Error: Environment mcq undefined.

See the LaTeX manual or LaTeX Companion for explanation.
Type  H <return>  for immediate help.
 ...                                              
                                                  
l.11 		\begin{mcq}
                  (4)
Your command was ignored.
Type  I <command> <return>  to replace it with another command,
or  <return>  to continue without it.


! LaTeX Error: Something's wrong--perhaps a missing \item.

See the LaTeX manual or LaTeX Companion for explanation.
Type  H <return>  for immediate help.
 ...                                              
                                                  
l.12 			\item p
               h√°t quang.
Try typing  <return>  to proceed.
If that doesn't work, type  X <return>  to quit.


! LaTeX Error: Something's wrong--perhaps a missing \item.

See the LaTeX manual or LaTeX Companion for explanation.
Type  H <return>  for immediate help.
 ...                                              
                                                  
l.12 			\item p
               h√°t quang.
Try typing  <return>  to proceed.
If that doesn't work, type  X <return>  to quit.


! LaTeX Error: Something's wrong--perhaps a missing \item.

See the LaTeX manual or LaTeX Companion for explanation.
Type  H <return>  for immediate help.
 ...                                              
                                                  
l.12 			\item p
               h√°t quang.
Try typing  <return>  to proceed.
If that doesn't work, type  X <return>  to quit.


! LaTeX Error: Something's wrong--perhaps a missing \item.

See the LaTeX manual or LaTeX Companion for explanation.
Type  H <return>  for immediate help.
 ...                                              
                                                  
l.13 			\item q
               uang d·∫´n.
Try typing  <return>  to proceed.
If that doesn't work, type  X <return>  to quit.


! LaTeX Error: Something's wrong--perhaps a missing \item.

See the LaTeX manual or LaTeX Companion for explanation.
Type  H <return>  for immediate help.
 ...                                              
                                                  
l.13 			\item q
               uang d·∫´n.
Try typing  <return>  to proceed.
If that doesn't work, type  X <return>  to quit.


! LaTeX Error: Something's wrong--perhaps a missing \item.

See the LaTeX manual or LaTeX Companion for explanation.
Type  H <return>  for immediate help.
 ...                                              
                                                  
l.13 			\item q
               uang d·∫´n.
Try typing  <return>  to proceed.
If that doesn't work, type  X <return>  to quit.


! Package inputenc Error: Unicode character ·∫´ (U+1EAB)
(inputenc)                not set up for use with LaTeX.

See the inputenc package documentation for explanation.
Type  H <return>  for immediate help.
 ...                                              
                                                  
l.13 			\item quang d·∫´
                        n.
You may provide a definition with
\DeclareUnicodeCharacter 


! LaTeX Error: Something's wrong--perhaps a missing \item.

See the LaTeX manual or LaTeX Companion for explanation.
Type  H <return>  for immediate help.
 ...                                              
                                                  
l.14 			\item q
               uang ƒëi·ªán ngo·∫°i.
Try typing  <return>  to proceed.
If that doesn't work, type  X <return>  to quit.


! LaTeX Error: Something's wrong--perhaps a missing \item.

See the LaTeX manual or LaTeX Companion for explanation.
Type  H <return>  for immediate help.
 ...                                              
                                                  
l.14 			\item q
               uang ƒëi·ªán ngo·∫°i.
Try typing  <return>  to proceed.
If that doesn't work, type  X <return>  to quit.


! LaTeX Error: Something's wrong--perhaps a missing \item.

See the LaTeX manual or LaTeX Companion for explanation.
Type  H <return>  for immediate help.
 ...                                              
                                                  
l.14 			\item q
               uang ƒëi·ªán ngo·∫°i.
Try typing  <return>  to proceed.
If that doesn't work, type  X <return>  to quit.


! LaTeX Error: Command \dj unavailable in encoding OT1.

See the LaTeX manual or LaTeX Companion for explanation.
Type  H <return>  for immediate help.
 ...                                              
                                                  
l.14 			\item quang ƒë
                      i·ªán ngo·∫°i.
Your command was ignored.
Type  I <command> <return>  to replace it with another command,
or  <return>  to continue without it.


! Package inputenc Error: Unicode character ·ªá (U+1EC7)
(inputenc)                not set up for use with LaTeX.

See the inputenc package documentation for explanation.
Type  H <return>  for immediate help.
 ...                                              
                                                  
l.14 			\item quang ƒëi·ªá
                          n ngo·∫°i.
You may provide a definition with
\DeclareUnicodeCharacter 


! Package inputenc Error: Unicode character ·∫° (U+1EA1)
(inputenc)                not set up for use with LaTeX.

See the inputenc package documentation for explanation.
Type  H <return>  for immediate help.
 ...                                              
                                                  
l.14 			\item quang ƒëi·ªán ngo·∫°
                                  i.
You may provide a definition with
\DeclareUnicodeCharacter 


! LaTeX Error: Something's wrong--perhaps a missing \item.

See the LaTeX manual or LaTeX Companion for explanation.
Type  H <return>  for immediate help.
 ...                                              
                                                  
l.15 			\item q
               uang ƒëi·ªán trong.
Try typing  <return>  to proceed.
If that doesn't work, type  X <return>  to quit.


! LaTeX Error: Something's wrong--perhaps a missing \item.

See the LaTeX manual or LaTeX Companion for explanation.
Type  H <return>  for immediate help.
 ...                                              
                                                  
l.15 			\item q
               uang ƒëi·ªán trong.
Try typing  <return>  to proceed.
If that doesn't work, type  X <return>  to quit.


! LaTeX Error: Something's wrong--perhaps a missing \item.

See the LaTeX manual or LaTeX Companion for explanation.
Type  H <return>  for immediate help.
 ...                                              
                                                  
l.15 			\item q
               uang ƒëi·ªán trong.
Try typing  <return>  to proceed.
If that doesn't work, type  X <return>  to quit.


! LaTeX Error: Command \dj unavailable in encoding OT1.

See the LaTeX manual or LaTeX Companion for explanation.
Type  H <return>  for immediate help.
 ...                                              
                                                  
l.15 			\item quang ƒë
                      i·ªán trong.
Your command was ignored.
Type  I <command> <return>  to replace it with another command,
or  <return>  to continue without it.


! Package inputenc Error: Unicode character ·ªá (U+1EC7)
(inputenc)                not set up for use with LaTeX.

See the inputenc package documentation for explanation.
Type  H <return>  for immediate help.
 ...                                              
                                                  
l.15 			\item quang ƒëi·ªá
                          n trong.
You may provide a definition with
\DeclareUnicodeCharacter 


! LaTeX Error: \begin{enumerate} on input line 4 ended by \end{mcq}.

See the LaTeX manual or LaTeX Companion for explanation.
Type  H <return>  for immediate help.
 ...                                              
                                                  
l.16 		\end{mcq}
                
Your command was ignored.
Type  I <command> <return>  to replace it with another command,
or  <return>  to continue without it.

! Undefined control sequence.
l.19 	\loigiai
              
The control sequence at the end of the top line
of your error message was never \def'ed. If you have
misspelled it (e.g., `\hobx'), type `I' and the correct
spelling (e.g., `I\hbox'). Otherwise just continue,
and I'll forget about whatever was undefined.


! LaTeX Error: Command \DJ unavailable in encoding OT1.

See the LaTeX manual or LaTeX Companion for explanation.
Type  H <return>  for immediate help.
 ...                                              
                                                  
l.20 	{		\textbf{ƒê√°p √°n: B.}
                               
Your command was ignored.
Type  I <command> <return>  to replace it with another command,
or  <return>  to continue without it.


! Package inputenc Error: Unicode character ·ªá (U+1EC7)
(inputenc)                not set up for use with LaTeX.

See the inputenc package documentation for explanation.
Type  H <return>  for immediate help.
 ...                                              
                                                  
l.22 		Hi·ªá
            n t∆∞·ª£ng ch·∫•t b√°n d·∫´n tr·ªü n√™n d·∫´n ƒëi·ªán t·ªët h∆°n...

You may provide a definition with
\DeclareUnicodeCharacter 


! Package inputenc Error: Unicode character ∆∞ (U+01B0)
(inputenc)                not set up for use with LaTeX.

See the inputenc package documentation for explanation.
Type  H <return>  for immediate help.
 ...                                              
                                                  
l.22 		Hi·ªán t∆∞
                 ·ª£ng ch·∫•t b√°n d·∫´n tr·ªü n√™n d·∫´n ƒëi·ªán t·ªët h∆°n...

You may provide a definition with
\DeclareUnicodeCharacter 


! Package inputenc Error: Unicode character ·ª£ (U+1EE3)
(inputenc)                not set up for use with LaTeX.

See the inputenc package documentation for explanation.
Type  H <return>  for immediate help.
 ...                                              
                                                  
l.22 		Hi·ªán t∆∞·ª£
                    ng ch·∫•t b√°n d·∫´n tr·ªü n√™n d·∫´n ƒëi·ªán t·ªët h∆°n...

You may provide a definition with
\DeclareUnicodeCharacter 


! Package inputenc Error: Unicode character ·∫• (U+1EA5)
(inputenc)                not set up for use with LaTeX.

See the inputenc package documentation for explanation.
Type  H <return>  for immediate help.
 ...                                              
                                                  
l.22 		Hi·ªán t∆∞·ª£ng ch·∫•
                            t b√°n d·∫´n tr·ªü n√™n d·∫´n ƒëi·ªán t·ªët h∆°n...

You may provide a definition with
\DeclareUnicodeCharacter 


! Package inputenc Error: Unicode character ·∫´ (U+1EAB)
(inputenc)                not set up for use with LaTeX.

See the inputenc package documentation for explanation.
Type  H <return>  for immediate help.
 ...                                              
                                                  
l.22 		Hi·ªán t∆∞·ª£ng ch·∫•t b√°n d·∫´
                                       n tr·ªü n√™n d·∫´n ƒëi·ªán t·ªët h∆°n...

You may provide a definition with
\DeclareUnicodeCharacter 


! Package inputenc Error: Unicode character ·ªü (U+1EDF)
(inputenc)                not set up for use with LaTeX.

See the inputenc package documentation for explanation.
Type  H <return>  for immediate help.
 ...                                              
                                                  
l.22 		Hi·ªán t∆∞·ª£ng ch·∫•t b√°n d·∫´n tr·ªü
                                               n√™n d·∫´n ƒëi·ªán t·ªët h∆°n...

You may provide a definition with
\DeclareUnicodeCharacter 


! Package inputenc Error: Unicode character ·∫´ (U+1EAB)
(inputenc)                not set up for use with LaTeX.

See the inputenc package documentation for explanation.
Type  H <return>  for immediate help.
 ...                                              
                                                  
l.22 ...t∆∞·ª£ng ch·∫•t b√°n d·∫´n tr·ªü n√™n d·∫´
                                                  n ƒëi·ªán t·ªët h∆°n khi ƒ...

You may provide a definition with
\DeclareUnicodeCharacter 


! LaTeX Error: Command \dj unavailable in encoding OT1.

See the LaTeX manual or LaTeX Companion for explanation.
Type  H <return>  for immediate help.
 ...                                              
                                                  
l.22 ...ª£ng ch·∫•t b√°n d·∫´n tr·ªü n√™n d·∫´n ƒë
                                                  i·ªán t·ªët h∆°n khi ƒë∆∞·...

Your command was ignored.
Type  I <command> <return>  to replace it with another command,
or  <return>  to continue without it.


! Package inputenc Error: Unicode character ·ªá (U+1EC7)
(inputenc)                not set up for use with LaTeX.

See the inputenc package documentation for explanation.
Type  H <return>  for immediate help.
 ...                                              
                                                  
l.22 ... ch·∫•t b√°n d·∫´n tr·ªü n√™n d·∫´n ƒëi·ªá
                                                  n t·ªët h∆°n khi ƒë∆∞·ª£c ...

You may provide a definition with
\DeclareUnicodeCharacter 


! Package inputenc Error: Unicode character ·ªë (U+1ED1)
(inputenc)                not set up for use with LaTeX.

See the inputenc package documentation for explanation.
Type  H <return>  for immediate help.
 ...                                              
                                                  
l.22 ...t b√°n d·∫´n tr·ªü n√™n d·∫´n ƒëi·ªán t·ªë
                                                  t h∆°n khi ƒë∆∞·ª£c chi·∫ø...

You may provide a definition with
\DeclareUnicodeCharacter 


! Package inputenc Error: Unicode character ∆° (U+01A1)
(inputenc)                not set up for use with LaTeX.

See the inputenc package documentation for explanation.
Type  H <return>  for immediate help.
 ...                                              
                                                  
l.22 ...n d·∫´n tr·ªü n√™n d·∫´n ƒëi·ªán t·ªët h∆°
                                                  n khi ƒë∆∞·ª£c chi·∫øu s√°...

You may provide a definition with
\DeclareUnicodeCharacter 


! LaTeX Error: Command \dj unavailable in encoding OT1.

See the LaTeX manual or LaTeX Companion for explanation.
Type  H <return>  for immediate help.
 ...                                              
                                                  
l.22 ...tr·ªü n√™n d·∫´n ƒëi·ªán t·ªët h∆°n khi ƒë
                                                  ∆∞·ª£c chi·∫øu s√°ng th√≠c...

Your command was ignored.
Type  I <command> <return>  to replace it with another command,
or  <return>  to continue without it.


! Package inputenc Error: Unicode character ∆∞ (U+01B0)
(inputenc)                not set up for use with LaTeX.

See the inputenc package documentation for explanation.
Type  H <return>  for immediate help.
 ...                                              
                                                  
l.22 ...·ªü n√™n d·∫´n ƒëi·ªán t·ªët h∆°n khi ƒë∆∞
                                                  ·ª£c chi·∫øu s√°ng th√≠ch ...

You may provide a definition with
\DeclareUnicodeCharacter 


! Package inputenc Error: Unicode character ·ª£ (U+1EE3)
(inputenc)                not set up for use with LaTeX.

See the inputenc package documentation for explanation.
Type  H <return>  for immediate help.
 ...                                              
                                                  
l.22 ... n√™n d·∫´n ƒëi·ªán t·ªët h∆°n khi ƒë∆∞·ª£
                                                  c chi·∫øu s√°ng th√≠ch h·ª...

You may provide a definition with
\DeclareUnicodeCharacter 


! Package inputenc Error: Unicode character ·∫ø (U+1EBF)
(inputenc)                not set up for use with LaTeX.

See the inputenc package documentation for explanation.
Type  H <return>  for immediate help.
 ...                                              
                                                  
l.22 ...∫´n ƒëi·ªán t·ªët h∆°n khi ƒë∆∞·ª£c chi·∫ø
                                                  u s√°ng th√≠ch h·ª£p ƒë∆∞·...

You may provide a definition with
\DeclareUnicodeCharacter 


! Package inputenc Error: Unicode character ·ª£ (U+1EE3)
(inputenc)                not set up for use with LaTeX.

See the inputenc package documentation for explanation.
Type  H <return>  for immediate help.
 ...                                              
                                                  
l.22 ...∆°n khi ƒë∆∞·ª£c chi·∫øu s√°ng th√≠ch h·ª£
                                                  p ƒë∆∞·ª£c g·ªçi l√† hi·ªá...

You may provide a definition with
\DeclareUnicodeCharacter 


! LaTeX Error: Command \dj unavailable in encoding OT1.

See the LaTeX manual or LaTeX Companion for explanation.
Type  H <return>  for immediate help.
 ...                                              
                                                  
l.22 ...khi ƒë∆∞·ª£c chi·∫øu s√°ng th√≠ch h·ª£p ƒë
                                                  ∆∞·ª£c g·ªçi l√† hi·ªán t∆...

Your command was ignored.
Type  I <command> <return>  to replace it with another command,
or  <return>  to continue without it.


! Package inputenc Error: Unicode character ∆∞ (U+01B0)
(inputenc)                not set up for use with LaTeX.

See the inputenc package documentation for explanation.
Type  H <return>  for immediate help.
 ...                                              
                                                  
l.22 ...i ƒë∆∞·ª£c chi·∫øu s√°ng th√≠ch h·ª£p ƒë∆∞
                                                  ·ª£c g·ªçi l√† hi·ªán t∆∞·...

You may provide a definition with
\DeclareUnicodeCharacter 


! Package inputenc Error: Unicode character ·ª£ (U+1EE3)
(inputenc)                not set up for use with LaTeX.

See the inputenc package documentation for explanation.
Type  H <return>  for immediate help.
 ...                                              
                                                  
l.22 ...ë∆∞·ª£c chi·∫øu s√°ng th√≠ch h·ª£p ƒë∆∞·ª£
                                                  c g·ªçi l√† hi·ªán t∆∞·ª£n...

You may provide a definition with
\DeclareUnicodeCharacter 


! Package inputenc Error: Unicode character ·ªç (U+1ECD)
(inputenc)                not set up for use with LaTeX.

See the inputenc package documentation for explanation.
Type  H <return>  for immediate help.
 ...                                              
                                                  
l.22 ...c chi·∫øu s√°ng th√≠ch h·ª£p ƒë∆∞·ª£c g·ªç
                                                  i l√† hi·ªán t∆∞·ª£ng quan...

You may provide a definition with
\DeclareUnicodeCharacter 


! Package inputenc Error: Unicode character ·ªá (U+1EC7)
(inputenc)                not set up for use with LaTeX.

See the inputenc package documentation for explanation.
Type  H <return>  for immediate help.
 ...                                              
                                                  
l.22 ...√°ng th√≠ch h·ª£p ƒë∆∞·ª£c g·ªçi l√† hi·ªá
                                                  n t∆∞·ª£ng quang d·∫´n.
You may provide a definition with
\DeclareUnicodeCharacter 


! Package inputenc Error: Unicode character ∆∞ (U+01B0)
(inputenc)                not set up for use with LaTeX.

See the inputenc package documentation for explanation.
Type  H <return>  for immediate help.
 ...                                              
                                                  
l.22 ...th√≠ch h·ª£p ƒë∆∞·ª£c g·ªçi l√† hi·ªán t∆∞
                                                  ·ª£ng quang d·∫´n.
You may provide a definition with
\DeclareUnicodeCharacter 


! Package inputenc Error: Unicode character ·ª£ (U+1EE3)
(inputenc)                not set up for use with LaTeX.

See the inputenc package documentation for explanation.
Type  H <return>  for immediate help.
 ...                                              
                                                  
l.22 ...≠ch h·ª£p ƒë∆∞·ª£c g·ªçi l√† hi·ªán t∆∞·ª£
                                                  ng quang d·∫´n.
You may provide a definition with
\DeclareUnicodeCharacter 


! Package inputenc Error: Unicode character ·∫´ (U+1EAB)
(inputenc)                not set up for use with LaTeX.

See the inputenc package documentation for explanation.
Type  H <return>  for immediate help.
 ...                                              
                                                  
l.22 ...∞·ª£c g·ªçi l√† hi·ªán t∆∞·ª£ng quang d·∫´
                                                  n.
You may provide a definition with
\DeclareUnicodeCharacter 


! LaTeX Error: Something's wrong--perhaps a missing \item.

See the LaTeX manual or LaTeX Companion for explanation.
Type  H <return>  for immediate help.
 ...                                              
                                                  
l.26 \item \mkstar
                  {1} [1]
Try typing  <return>  to proceed.
If that doesn't work, type  X <return>  to quit.


! LaTeX Error: Something's wrong--perhaps a missing \item.

See the LaTeX manual or LaTeX Companion for explanation.
Type  H <return>  for immediate help.
 ...                                              
                                                  
l.26 \item \mkstar
                  {1} [1]
Try typing  <return>  to proceed.
If that doesn't work, type  X <return>  to quit.


! LaTeX Error: Something's wrong--perhaps a missing \item.

See the LaTeX manual or LaTeX Companion for explanation.
Type  H <return>  for immediate help.
 ...                                              
                                                  
l.26 \item \mkstar
                  {1} [1]
Try typing  <return>  to proceed.
If that doesn't work, type  X <return>  to quit.

! Undefined control sequence.
<recently read> \mkstar 
                        
l.26 \item \mkstar
                  {1} [1]
The control sequence at the end of the top line
of your error message was never \def'ed. If you have
misspelled it (e.g., `\hobx'), type `I' and the correct
spelling (e.g., `I\hbox'). Otherwise just continue,
and I'll forget about whatever was undefined.

! Undefined control sequence.
l.28 \cauhoi
            
The control sequence at the end of the top line
of your error message was never \def'ed. If you have
misspelled it (e.g., `\hobx'), type `I' and the correct
spelling (e.g., `I\hbox'). Otherwise just continue,
and I'll forget about whatever was undefined.


! Package inputenc Error: Unicode character ·∫• (U+1EA5)
(inputenc)                not set up for use with LaTeX.

See the inputenc package documentation for explanation.
Type  H <return>  for immediate help.
 ...                                              
                                                  
l.29 {Ch·∫•
           t quang d·∫´n CdTe c√≥ nƒÉng l∆∞·ª£ng k√≠ch ho·∫°t (nƒÉng l∆∞·ª£n...

You may provide a definition with
\DeclareUnicodeCharacter 


! Package inputenc Error: Unicode character ·∫´ (U+1EAB)
(inputenc)                not set up for use with LaTeX.

See the inputenc package documentation for explanation.
Type  H <return>  for immediate help.
 ...                                              
                                                  
l.29 {Ch·∫•t quang d·∫´
                       n CdTe c√≥ nƒÉng l∆∞·ª£ng k√≠ch ho·∫°t (nƒÉng l∆∞·ª£n...

You may provide a definition with
\DeclareUnicodeCharacter 


! Package inputenc Error: Unicode character ∆∞ (U+01B0)
(inputenc)                not set up for use with LaTeX.

See the inputenc package documentation for explanation.
Type  H <return>  for immediate help.
 ...                                              
                                                  
l.29 {Ch·∫•t quang d·∫´n CdTe c√≥ nƒÉng l∆∞
                                           ·ª£ng k√≠ch ho·∫°t (nƒÉng l∆∞·ª£n...

You may provide a definition with
\DeclareUnicodeCharacter 


! Package inputenc Error: Unicode character ·ª£ (U+1EE3)
(inputenc)                not set up for use with LaTeX.

See the inputenc package documentation for explanation.
Type  H <return>  for immediate help.
 ...                                              
                                                  
l.29 {Ch·∫•t quang d·∫´n CdTe c√≥ nƒÉng l∆∞·ª£
                                              ng k√≠ch ho·∫°t (nƒÉng l∆∞·ª£n...

You may provide a definition with
\DeclareUnicodeCharacter 


! Package inputenc Error: Unicode character ·∫° (U+1EA1)
(inputenc)                not set up for use with LaTeX.

See the inputenc package documentation for explanation.
Type  H <return>  for immediate help.
 ...                                              
                                                  
l.29 ... d·∫´n CdTe c√≥ nƒÉng l∆∞·ª£ng k√≠ch ho·∫°
                                                  t (nƒÉng l∆∞·ª£ng c·∫ßn th...

You may provide a definition with
\DeclareUnicodeCharacter 


! Package inputenc Error: Unicode character ∆∞ (U+01B0)
(inputenc)                not set up for use with LaTeX.

See the inputenc package documentation for explanation.
Type  H <return>  for immediate help.
 ...                                              
                                                  
l.29 ...c√≥ nƒÉng l∆∞·ª£ng k√≠ch ho·∫°t (nƒÉng l∆∞
                                                  ·ª£ng c·∫ßn thi·∫øt ƒë·ªÉ ...

You may provide a definition with
\DeclareUnicodeCharacter 


! Package inputenc Error: Unicode character ·ª£ (U+1EE3)
(inputenc)                not set up for use with LaTeX.

See the inputenc package documentation for explanation.
Type  H <return>  for immediate help.
 ...                                              
                                                  
l.29 ... nƒÉng l∆∞·ª£ng k√≠ch ho·∫°t (nƒÉng l∆∞·ª£
                                                  ng c·∫ßn thi·∫øt ƒë·ªÉ gi·...

You may provide a definition with
\DeclareUnicodeCharacter 


! Package inputenc Error: Unicode character ·∫ß (U+1EA7)
(inputenc)                not set up for use with LaTeX.

See the inputenc package documentation for explanation.
Type  H <return>  for immediate help.
 ...                                              
                                                  
l.29 ...l∆∞·ª£ng k√≠ch ho·∫°t (nƒÉng l∆∞·ª£ng c·∫ß
                                                  n thi·∫øt ƒë·ªÉ gi·∫£i ph√...

You may provide a definition with
\DeclareUnicodeCharacter 


! Package inputenc Error: Unicode character ·∫ø (U+1EBF)
(inputenc)                not set up for use with LaTeX.

See the inputenc package documentation for explanation.
Type  H <return>  for immediate help.
 ...                                              
                                                  
l.29 ... k√≠ch ho·∫°t (nƒÉng l∆∞·ª£ng c·∫ßn thi·∫ø
                                                  t ƒë·ªÉ gi·∫£i ph√≥ng m·ªô...

You may provide a definition with
\DeclareUnicodeCharacter 


! LaTeX Error: Command \dj unavailable in encoding OT1.

See the LaTeX manual or LaTeX Companion for explanation.
Type  H <return>  for immediate help.
 ...                                              
                                                  
l.29 ...ch ho·∫°t (nƒÉng l∆∞·ª£ng c·∫ßn thi·∫øt ƒë
                                                  ·ªÉ gi·∫£i ph√≥ng m·ªôt el...

Your command was ignored.
Type  I <command> <return>  to replace it with another command,
or  <return>  to continue without it.


! Package inputenc Error: Unicode character ·ªÉ (U+1EC3)
(inputenc)                not set up for use with LaTeX.

See the inputenc package documentation for explanation.
Type  H <return>  for immediate help.
 ...                                              
                                                  
l.29 ...ho·∫°t (nƒÉng l∆∞·ª£ng c·∫ßn thi·∫øt ƒë·ªÉ
                                                   gi·∫£i ph√≥ng m·ªôt elect...

You may provide a definition with
\DeclareUnicodeCharacter 


! Package inputenc Error: Unicode character ·∫£ (U+1EA3)
(inputenc)                not set up for use with LaTeX.

See the inputenc package documentation for explanation.
Type  H <return>  for immediate help.
 ...                                              
                                                  
l.29 ... (nƒÉng l∆∞·ª£ng c·∫ßn thi·∫øt ƒë·ªÉ gi·∫£
                                                  i ph√≥ng m·ªôt electron li...

You may provide a definition with
\DeclareUnicodeCharacter 


! Package inputenc Error: Unicode character ·ªô (U+1ED9)
(inputenc)                not set up for use with LaTeX.

See the inputenc package documentation for explanation.
Type  H <return>  for immediate help.
 ...                                              
                                                  
l.29 ...£ng c·∫ßn thi·∫øt ƒë·ªÉ gi·∫£i ph√≥ng m·ªô
                                                  t electron li√™n k·∫øt th√...

You may provide a definition with
\DeclareUnicodeCharacter 


! Package inputenc Error: Unicode character ·∫ø (U+1EBF)
(inputenc)                not set up for use with LaTeX.

See the inputenc package documentation for explanation.
Type  H <return>  for immediate help.
 ...                                              
                                                  
l.29 ...ªÉ gi·∫£i ph√≥ng m·ªôt electron li√™n k·∫ø
                                                  t th√†nh m·ªôt electron d·...

You may provide a definition with
\DeclareUnicodeCharacter 


! Package inputenc Error: Unicode character ·ªô (U+1ED9)
(inputenc)                not set up for use with LaTeX.

See the inputenc package documentation for explanation.
Type  H <return>  for immediate help.
 ...                                              
                                                  
l.29 ...≥ng m·ªôt electron li√™n k·∫øt th√†nh m·ªô
                                                  t electron d·∫´n) l√† $\SI...

You may provide a definition with
\DeclareUnicodeCharacter 


! Package inputenc Error: Unicode character ·∫´ (U+1EAB)
(inputenc)                not set up for use with LaTeX.

See the inputenc package documentation for explanation.
Type  H <return>  for immediate help.
 ...                                              
                                                  
l.29 ...ron li√™n k·∫øt th√†nh m·ªôt electron d·∫´
                                                  n) l√† $\SI{1,51}{eV}$. Gi...

You may provide a definition with
\DeclareUnicodeCharacter 

LaTeX Font Info:    External font `cmex10' loaded for size
(Font)              <7> on input line 29.
LaTeX Font Info:    External font `cmex10' loaded for size
(Font)              <5> on input line 29.
! Undefined control sequence.
<recently read> \SI 
                    
l.29 ...·∫øt th√†nh m·ªôt electron d·∫´n) l√† $\SI
                                                  {1,51}{eV}$. Gi·ªõi h·∫°n ...
The control sequence at the end of the top line
of your error message was never \def'ed. If you have
misspelled it (e.g., `\hobx'), type `I' and the correct
spelling (e.g., `I\hbox'). Otherwise just continue,
and I'll forget about whatever was undefined.


! Package inputenc Error: Unicode character ·ªõ (U+1EDB)
(inputenc)                not set up for use with LaTeX.

See the inputenc package documentation for explanation.
Type  H <return>  for immediate help.
 ...                                              
                                                  
l.29 ...electron d·∫´n) l√† $\SI{1,51}{eV}$. Gi·ªõ
                                                  i h·∫°n quang d·∫´n c·ªßa ...

You may provide a definition with
\DeclareUnicodeCharacter 


! Package inputenc Error: Unicode character ·∫° (U+1EA1)
(inputenc)                not set up for use with LaTeX.

See the inputenc package documentation for explanation.
Type  H <return>  for immediate help.
 ...                                              
                                                  
l.29 ...on d·∫´n) l√† $\SI{1,51}{eV}$. Gi·ªõi h·∫°
                                                  n quang d·∫´n c·ªßa ch·∫•t...
(That makes 100 errors; please try again.) 
Here is how much of TeX's memory you used:
 65 strings out of 478994
 967 string characters out of 5862206
 284038 words of memory out of 5000000
 17648 multiletter control sequences out of 15000+600000
 403738 words of font info for 28 fonts, out of 8000000 for 9000
 1141 hyphenation exceptions out of 8191
 36i,2n,42p,274b,162s stack positions out of 5000i,500n,10000p,200000b,80000s

!  ==> Fatal error occurred, no output PDF file produced!
