\BOOKMARK [0][]{mychapter.0.19}{\376\377\000T\036\353\000\040\000t\000r\001\260\036\335\000n\000g}{}% 1
\BOOKMARK [0][]{mychapter.0.20}{\376\377\000L\036\361\000c\000\040\000t\036\353\000.\000\040\000C\036\243\000m\000\040\036\351\000n\000g\000\040\000t\036\353}{}% 2
\BOOKMARK [0][]{mychapter.0.21}{\376\377\000T\036\353\000\040\000t\000r\001\260\036\335\000n\000g\000\040\000c\036\347\000a\000\040\000d\000\362\000n\000g\000\040\001\021\000i\036\307\000n\000\040\000t\000r\000o\000n\000g\000\040\000c\000\341\000c\000\040\000d\000\342\000y\000\040\000d\036\253\000n\000\040\000c\000\363\000\040\000h\000\354\000n\000h\000\040\000d\036\241\000n\000g\000\040\001\021\036\267\000c\000\040\000b\000i\036\307\000t}{}% 3
\BOOKMARK [1][]{section.0.1}{\376\377\000L\000\375\000\040\000t\000h\000u\000y\036\277\000t\000:\000\040\000T\036\353\000\040\000t\000r\001\260\036\335\000n\000g\000\040\000d\000o\000\040\000d\000\362\000n\000g\000\040\001\021\000i\036\307\000n\000\040\000c\000h\036\241\000y\000\040\000t\000r\000o\000n\000g\000\040\000d\000\342\000y\000\040\000d\036\253\000n\000\040\000t\000h\036\263\000n\000g\000\040\000d\000\340\000i\000\040\000g\000\342\000y\000\040\000r\000a}{mychapter.0.21}% 4
\BOOKMARK [1][]{section.0.2}{\376\377\000L\000\375\000\040\000t\000h\000u\000y\036\277\000t\000:\000\040\000T\036\353\000\040\000t\000r\001\260\036\335\000n\000g\000\040\000d\000o\000\040\000d\000\362\000n\000g\000\040\001\021\000i\036\307\000n\000\040\000c\000h\036\241\000y\000\040\000t\000r\000o\000n\000g\000\040\000k\000h\000u\000n\000g\000\040\000d\000\342\000y\000\040\000d\036\253\000n\000\040\000t\000r\000\362\000n\000\040\000h\000o\036\267\000c\000\040\000t\000r\000o\000n\000g\000\040\036\321\000n\000g\000\040\000d\000\342\000y\000\040\000h\000\354\000n\000h\000\040\000t\000r\036\345\000\040\000g\000\342\000y\000\040\000r\000a}{mychapter.0.21}% 5
\BOOKMARK [0][]{mychapter.0.22}{\376\377\000L\036\361\000c\000\040\000L\000o\000-\000r\000e\000n\000-\000x\001\241}{}% 6
\BOOKMARK [1][]{section.0.1}{\376\377\000L\000\375\000\040\000t\000h\000u\000y\036\277\000t\000:\000\040\000L\036\361\000c\000\040\000L\000o\000-\000r\000e\000n\000-\000x\001\241\000\040}{mychapter.0.22}% 7
\BOOKMARK [1][]{section.0.2}{\376\377\000L\000\375\000\040\000t\000h\000u\000y\036\277\000t\000:\000\040\000C\000h\000u\000y\036\303\000n\000\040\001\021\036\331\000n\000g\000\040\000c\036\347\000a\000\040\000h\036\241\000t\000\040\000m\000a\000n\000g\000\040\001\021\000i\036\307\000n\000\040\000t\000r\000o\000n\000g\000\040\000t\036\353\000\040\000t\000r\001\260\036\335\000n\000g\000\040\001\021\036\301\000u\000\040\000\050\001\021\036\315\000c\000\040\000t\000h\000\352\000m\000\051}{mychapter.0.22}% 8
\BOOKMARK [0][]{chapter.1}{\376\377\000\324\000n\000\040\000t\036\255\000p\000:\000\040\000C\000h\001\260\001\241\000n\000g\000\040\000I\000V\000.\000\040\000T\036\353\000\040\000t\000r\001\260\036\335\000n\000g}{}% 9
\BOOKMARK [1][]{section.1.1}{\376\377\000T\036\353\000\040\000t\000r\001\260\036\335\000n\000g}{chapter.1}% 10
\BOOKMARK [1][]{section.1.2}{\376\377\000L\036\361\000c\000\040\000t\036\353\000.\000\040\000C\036\243\000m\000\040\036\351\000n\000g\000\040\000t\036\353}{chapter.1}% 11
\BOOKMARK [1][]{section.1.3}{\376\377\000T\036\353\000\040\000t\000r\001\260\036\335\000n\000g\000\040\000c\036\347\000a\000\040\000d\000\362\000n\000g\000\040\001\021\000i\036\307\000n\000\040\000t\000r\000o\000n\000g\000\040\000c\000\341\000c\000\040\000d\000\342\000y\000\040\000d\036\253\000n\000\040\000c\000\363\000\040\000h\000\354\000n\000h\000\040\000d\036\241\000n\000g\000\040\001\021\036\267\000c\000\040\000b\000i\036\307\000t}{chapter.1}% 12
\BOOKMARK [1][]{section.1.4}{\376\377\000L\036\361\000c\000\040\000L\000o\000-\000r\000e\000n\000-\000x\001\241}{chapter.1}% 13
\BOOKMARK [0][]{mychapter.0.23}{\376\377\000T\036\353\000\040\000t\000h\000\364\000n\000g\000.\000\040\000C\036\243\000m\000\040\036\351\000n\000g\000\040\001\021\000i\036\307\000n\000\040\000t\036\353}{}% 14
\BOOKMARK [0][]{mychapter.0.24}{\376\377\000S\000u\036\245\000t\000\040\001\021\000i\036\307\000n\000\040\001\021\036\331\000n\000g\000\040\000c\036\243\000m\000\040\036\351\000n\000g}{}% 15
\BOOKMARK [0][]{mychapter.0.25}{\376\377\000T\036\361\000\040\000c\036\243\000m}{}% 16
\BOOKMARK [1][]{section.1.1}{\376\377\000L\000\375\000\040\000t\000h\000u\000y\036\277\000t\000:\000\040\000H\000i\036\307\000n\000\040\000t\001\260\036\343\000n\000g\000\040\000t\036\361\000\040\000c\036\243\000m\000.\000\040\000H\036\307\000\040\000s\036\321\000\040\000t\036\361\000\040\000c\036\243\000m}{mychapter.0.25}% 17
\BOOKMARK [1][]{section.1.2}{\376\377\000L\000\375\000\040\000t\000h\000u\000y\036\277\000t\000:\000\040\000S\000u\036\245\000t\000\040\001\021\000i\036\307\000n\000\040\001\021\036\331\000n\000g\000\040\000t\036\361\000\040\000c\036\243\000m}{mychapter.0.25}% 18
\BOOKMARK [0][]{chapter.2}{\376\377\000\324\000n\000\040\000t\036\255\000p\000:\000\040\000C\000h\001\260\001\241\000n\000g\000\040\000V\000.\000\040\000C\036\243\000m\000\040\036\351\000n\000g\000\040\001\021\000i\036\307\000n\000\040\000t\036\353}{}% 19
\BOOKMARK [1][]{section.2.1}{\376\377\000T\036\353\000\040\000t\000h\000\364\000n\000g\000.\000\040\000C\036\243\000m\000\040\036\351\000n\000g\000\040\001\021\000i\036\307\000n\000\040\000t\036\353}{chapter.2}% 20
\BOOKMARK [1][]{section.2.2}{\376\377\000S\000u\036\245\000t\000\040\001\021\000i\036\307\000n\000\040\001\021\036\331\000n\000g\000\040\000c\036\243\000m\000\040\036\351\000n\000g}{chapter.2}% 21
\BOOKMARK [1][]{section.2.3}{\376\377\000T\036\361\000\040\000c\036\243\000m}{chapter.2}% 22
\BOOKMARK [0][]{mychapter.0.26}{\376\377\000K\000h\000\372\000c\000\040\000x\036\241\000\040\000\341\000n\000h\000\040\000s\000\341\000n\000g}{}% 23
\BOOKMARK [1][]{section.2.1}{\376\377\000L\000\375\000\040\000t\000h\000u\000y\036\277\000t\000:\000\040\000K\000h\000\372\000c\000\040\000x\036\241\000\040\000\341\000n\000h\000\040\000s\000\341\000n\000g\000.\000\040\000C\000h\000i\036\277\000t\000\040\000s\000u\036\245\000t\000\040\000c\036\347\000a\000\040\000m\000\364\000i\000\040\000t\000r\001\260\036\335\000n\000g}{mychapter.0.26}% 24
\BOOKMARK [1][]{section.2.2}{\376\377\000D\036\241\000n\000g\000\040\000b\000\340\000i\000:\000\040\000K\000h\000\372\000c\000\040\000x\036\241\000\040\000\341\000n\000h\000\040\000s\000\341\000n\000g\000.\000\040\000C\000h\000i\036\277\000t\000\040\000s\000u\036\245\000t\000\040\000c\036\347\000a\000\040\000m\000\364\000i\000\040\000t\000r\001\260\036\335\000n\000g}{mychapter.0.26}% 25
\BOOKMARK [0][]{mychapter.0.27}{\376\377\000P\000h\036\243\000n\000\040\000x\036\241\000\040\000t\000o\000\340\000n\000\040\000p\000h\036\247\000n}{}% 26
\BOOKMARK [0][]{chapter.3}{\376\377\000\324\000n\000\040\000t\036\255\000p\000:\000\040\000C\000h\001\260\001\241\000n\000g\000\040\000V\000I\000.\000\040\000K\000h\000\372\000c\000\040\000x\036\241\000\040\000\341\000n\000h\000\040\000s\000\341\000n\000g}{}% 27
\BOOKMARK [1][]{section.3.1}{\376\377\000K\000h\000\372\000c\000\040\000x\036\241\000\040\000\341\000n\000h\000\040\000s\000\341\000n\000g}{chapter.3}% 28
\BOOKMARK [1][]{section.3.2}{\376\377\000P\000h\036\243\000n\000\040\000x\036\241\000\040\000t\000o\000\340\000n\000\040\000p\000h\036\247\000n}{chapter.3}% 29
\BOOKMARK [0][]{mychapter.0.28}{\376\377\000L\001\003\000n\000g\000\040\000k\000\355\000n\000h}{}% 30
\BOOKMARK [0][]{mychapter.0.29}{\376\377\000T\000h\036\245\000u\000\040\000k\000\355\000n\000h\000\040\000m\036\317\000n\000g}{}% 31
\BOOKMARK [1][]{section.3.1}{\376\377\000L\000\375\000\040\000t\000h\000u\000y\036\277\000t\000:\000\040\000T\000h\036\245\000u\000\040\000k\000\355\000n\000h\000\040\000m\036\317\000n\000g\000\040\000v\000\340\000\040\000t\000\355\000n\000h\000\040\000c\000h\036\245\000t\000\040\000q\000u\000a\000n\000g\000\040\000h\036\315\000c\000\040\000c\036\347\000a\000\040\000t\000h\036\245\000u\000\040\000k\000\355\000n\000h\000\040\000m\036\317\000n\000g}{mychapter.0.29}% 32
\BOOKMARK [1][]{section.3.2}{\376\377\000L\000\375\000\040\000t\000h\000u\000y\036\277\000t\000:\000\040\001\020\001\260\036\335\000n\000g\000\040\001\021\000i\000\040\000c\036\347\000a\000\040\000t\000i\000a\000\040\000s\000\341\000n\000g\000\040\000q\000u\000a\000\040\000t\000h\036\245\000u\000\040\000k\000\355\000n\000h\000\040\000v\000\340\000\040\000v\036\275\000\040\036\243\000n\000h\000\040\000t\036\241\000o\000\040\000b\036\337\000i\000\040\000t\000h\036\245\000u\000\040\000k\000\355\000n\000h}{mychapter.0.29}% 33
\BOOKMARK [1][]{section.3.3}{\376\377\000L\000\375\000\040\000t\000h\000u\000y\036\277\000t\000:\000\040\000X\000\341\000c\000\040\001\021\036\313\000n\000h\000\040\000v\036\313\000\040\000t\000r\000\355\000,\000\040\000t\000\355\000n\000h\000\040\000c\000h\036\245\000t\000,\000\040\001\021\036\331\000\040\000l\036\333\000n\000\040\000c\036\347\000a\000\040\000v\036\255\000t\000\040\000v\000\340\000\040\036\243\000n\000h}{mychapter.0.29}% 34
\BOOKMARK [1][]{section.3.4}{\376\377\000L\000\375\000\040\000t\000h\000u\000y\036\277\000t\000:\000\040\000D\036\335\000i\000\040\000v\036\255\000t\000\040\000h\000o\036\267\000c\000\040\000t\000h\036\245\000u\000\040\000k\000\355\000n\000h}{mychapter.0.29}% 35
\BOOKMARK [0][]{mychapter.0.31}{\376\377\000M\036\257\000t}{}% 36
\BOOKMARK [1][]{section.3.1}{\376\377\000L\000\375\000\040\000t\000h\000u\000y\036\277\000t\000:\000\040\000C\036\245\000u\000\040\000t\036\241\000o\000\040\000m\036\257\000t\000\040\000v\000\340\000\040\000s\036\361\000\040\001\021\000i\036\301\000u\000\040\000t\000i\036\277\000t\000\040\000c\036\347\000a\000\040\000m\036\257\000t}{mychapter.0.31}% 37
\BOOKMARK [1][]{section.3.2}{\376\377\000L\000\375\000\040\000t\000h\000u\000y\036\277\000t\000:\000\040\000C\000\341\000c\000\040\000t\036\255\000t\000\040\000c\036\347\000a\000\040\000m\036\257\000t\000\040\000v\000\340\000\040\000c\000\341\000c\000h\000\040\000k\000h\036\257\000c\000\040\000p\000h\036\345\000c}{mychapter.0.31}% 38
\BOOKMARK [0][]{mychapter.0.32}{\376\377\000K\000\355\000n\000h\000\040\000l\000\372\000p}{}% 39
\BOOKMARK [0][]{chapter.4}{\376\377\000\324\000n\000\040\000t\036\255\000p\000:\000\040\000C\000h\001\260\001\241\000n\000g\000\040\000V\000I\000I\000.\000\040\000M\036\257\000t\000.\000\040\000C\000\341\000c\000\040\000d\036\345\000n\000g\000\040\000c\036\345\000\040\000q\000u\000a\000n\000g}{}% 40
\BOOKMARK [1][]{section.4.1}{\376\377\000L\001\003\000n\000g\000\040\000k\000\355\000n\000h}{chapter.4}% 41
\BOOKMARK [1][]{section.4.2}{\376\377\000T\000h\036\245\000u\000\040\000k\000\355\000n\000h\000\040\000m\036\317\000n\000g}{chapter.4}% 42
\BOOKMARK [1][]{section.4.3}{\376\377\000M\036\257\000t}{chapter.4}% 43
\BOOKMARK [1][]{section.4.4}{\376\377\000K\000\355\000n\000h\000\040\000l\000\372\000p}{chapter.4}% 44
\BOOKMARK [0][]{chapter.5}{\376\377\000D\000a\000n\000h\000\040\000m\036\345\000c\000\040\000t\000r\000\355\000c\000h\000\040\000d\036\253\000n\000\040\001\021\036\301\000\040\000t\000h\000i\000\040\000H\036\315\000c\000\040\000k\000\354\000\040\000I\000I}{}% 45
