\BOOKMARK [0][]{mychapter.0.23}{\376\377\001\020\036\331\000n\000g\000\040\000l\001\260\036\343\000n\000g\000.\000\040\001\020\036\313\000n\000h\000\040\000l\000u\036\255\000t\000\040\000b\036\243\000o\000\040\000t\000o\000\340\000n\000\040\001\021\036\331\000n\000g\000\040\000l\001\260\036\343\000n\000g}{}% 1
\BOOKMARK [1][]{section.0.1}{\376\377\000L\000\375\000\040\000t\000h\000u\000y\036\277\000t\000:\000\040\001\020\036\331\000n\000g\000\040\000l\001\260\036\343\000n\000g\000\040\000c\036\347\000a\000\040\000m\036\331\000t\000\040\000v\036\255\000t}{mychapter.0.23}% 2
\BOOKMARK [1][]{section.0.2}{\376\377\000L\000\375\000\040\000t\000h\000u\000y\036\277\000t\000:\000\040\000T\036\325\000n\000g\000\040\001\021\036\331\000n\000g\000\040\000l\001\260\036\343\000n\000g\000\040\000c\036\347\000a\000\040\000h\036\307\000\040\000v\036\255\000t}{mychapter.0.23}% 3
\BOOKMARK [1][]{section.0.3}{\376\377\000L\000\375\000\040\000t\000h\000u\000y\036\277\000t\000:\000\040\000X\000u\000n\000g\000\040\000l\001\260\036\343\000n\000g\000.\000\040\001\020\036\331\000\040\000b\000i\036\277\000n\000\040\000t\000h\000i\000\352\000n\000\040\001\021\036\331\000n\000g\000\040\000l\001\260\036\343\000n\000g}{mychapter.0.23}% 4
\BOOKMARK [1][]{section.0.4}{\376\377\000L\000\375\000\040\000t\000h\000u\000y\036\277\000t\000:\000\040\001\020\036\313\000n\000h\000\040\000l\000u\036\255\000t\000\040\000b\036\243\000o\000\040\000t\000o\000\340\000n\000\040\001\021\036\331\000n\000g\000\040\000l\001\260\036\343\000n\000g}{mychapter.0.23}% 5
\BOOKMARK [0][]{mychapter.0.24}{\376\377\000C\000\364\000n\000g\000\040\000v\000\340\000\040\000c\000\364\000n\000g\000\040\000s\000u\036\245\000t}{}% 6
\BOOKMARK [1][]{section.0.1}{\376\377\000L\000\375\000\040\000t\000h\000u\000y\036\277\000t\000:\000\040\000C\000\364\000n\000g\000\040\000c\001\241\000\040\000h\036\315\000c}{mychapter.0.24}% 7
\BOOKMARK [1][]{section.0.2}{\376\377\000L\000\375\000\040\000t\000h\000u\000y\036\277\000t\000:\000\040\000C\000\364\000n\000g\000\040\000s\000u\036\245\000t}{mychapter.0.24}% 8
\BOOKMARK [0][]{mychapter.0.25}{\376\377\001\020\036\331\000n\000g\000\040\000n\001\003\000n\000g}{}% 9
\BOOKMARK [1][]{section.0.1}{\376\377\000L\000\375\000\040\000t\000h\000u\000y\036\277\000t\000:\000\040\001\020\036\331\000n\000g\000\040\000n\001\003\000n\000g}{mychapter.0.25}% 10
\BOOKMARK [1][]{section.0.2}{\376\377\000L\000\375\000\040\000t\000h\000u\000y\036\277\000t\000:\000\040\000B\000i\036\277\000n\000\040\000t\000h\000i\000\352\000n\000\040\001\021\036\331\000n\000g\000\040\000n\001\003\000n\000g}{mychapter.0.25}% 11
\BOOKMARK [0][]{mychapter.0.26}{\376\377\000T\000h\036\277\000\040\000n\001\003\000n\000g}{}% 12
\BOOKMARK [1][]{section.0.1}{\376\377\000L\000\375\000\040\000t\000h\000u\000y\036\277\000t\000:\000\040\000T\000h\036\277\000\040\000n\001\003\000n\000g\000\040\000t\000r\036\315\000n\000g\000\040\000t\000r\001\260\036\335\000n\000g}{mychapter.0.26}% 13
\BOOKMARK [1][]{section.0.2}{\376\377\000L\000\375\000\040\000t\000h\000u\000y\036\277\000t\000:\000\040\000T\000h\036\277\000\040\000n\001\003\000n\000g\000\040\001\021\000\340\000n\000\040\000h\036\323\000i}{mychapter.0.26}% 14
\BOOKMARK [0][]{mychapter.0.27}{\376\377\000C\001\241\000\040\000n\001\003\000n\000g}{}% 15
\BOOKMARK [1][]{section.0.1}{\376\377\000L\000\375\000\040\000t\000h\000u\000y\036\277\000t\000:\000\040\000C\001\241\000\040\000n\001\003\000n\000g\000\040\000c\036\347\000a\000\040\000v\036\255\000t\000\040\000c\000h\000u\000y\036\303\000n\000\040\001\021\036\331\000n\000g\000\040\000t\000r\000o\000n\000g\000\040\000t\000r\036\315\000n\000g\000\040\000t\000r\001\260\036\335\000n\000g}{mychapter.0.27}% 16
\BOOKMARK [1][]{section.0.2}{\376\377\000L\000\375\000\040\000t\000h\000u\000y\036\277\000t\000:\000\040\000B\036\243\000o\000\040\000t\000o\000\340\000n\000\040\000c\001\241\000\040\000n\001\003\000n\000g\000\040\000c\036\347\000a\000\040\000v\036\255\000t\000\040\000c\000h\000u\000y\036\303\000n\000\040\001\021\036\331\000n\000g\000\040\000t\000r\000o\000n\000g\000\040\000t\000r\036\315\000n\000g\000\040\000t\000r\001\260\036\335\000n\000g}{mychapter.0.27}% 17
\BOOKMARK [1][]{section.0.3}{\376\377\000L\000\375\000\040\000t\000h\000u\000y\036\277\000t\000:\000\040\000B\000i\036\277\000n\000\040\000t\000h\000i\000\352\000n\000\040\000c\001\241\000\040\000n\001\003\000n\000g\000\040\000c\036\347\000a\000\040\000v\036\255\000t\000\040\000c\000h\000u\000y\036\303\000n\000\040\001\021\036\331\000n\000g\000\040\000t\000r\000o\000n\000g\000\040\000t\000r\036\315\000n\000g\000\040\000t\000r\001\260\036\335\000n\000g}{mychapter.0.27}% 18
\BOOKMARK [1][]{section.0.4}{\376\377\000L\000\375\000\040\000t\000h\000u\000y\036\277\000t\000:\000\040\000B\036\243\000o\000\040\000t\000o\000\340\000n\000\040\000c\001\241\000\040\000n\001\003\000n\000g\000\040\000c\036\347\000a\000\040\000v\036\255\000t\000\040\000c\000h\000u\000y\036\303\000n\000\040\001\021\036\331\000n\000g\000\040\000c\000h\036\313\000u\000\040\000t\000\341\000c\000\040\000d\036\345\000n\000g\000\040\000c\036\347\000a\000\040\000l\036\361\000c\000\040\001\021\000\340\000n\000\040\000h\036\323\000i}{mychapter.0.27}% 19
\BOOKMARK [0][]{chapter.1}{\376\377\000\324\000n\000\040\000t\036\255\000p\000:\000\040\000C\000h\001\260\001\241\000n\000g\000\040\000I\000V\000.\000\040\000C\000\341\000c\000\040\001\021\036\313\000n\000h\000\040\000l\000u\036\255\000t\000\040\000b\036\243\000o\000\040\000t\000o\000\340\000n}{}% 20
\BOOKMARK [1][]{section.1.1}{\376\377\001\020\036\331\000n\000g\000\040\000l\001\260\036\343\000n\000g\000\040\000-\000\040\001\020\036\313\000n\000h\000\040\000l\000u\036\255\000t\000\040\000b\036\243\000o\000\040\000t\000o\000\340\000n\000\040\001\021\036\331\000n\000g\000\040\000l\001\260\036\343\000n\000g}{chapter.1}% 21
\BOOKMARK [1][]{section.1.2}{\376\377\000C\000\364\000n\000g\000\040\000v\000\340\000\040\000c\000\364\000n\000g\000\040\000s\000u\036\245\000t}{chapter.1}% 22
\BOOKMARK [1][]{section.1.3}{\376\377\001\020\036\331\000n\000g\000\040\000n\001\003\000n\000g}{chapter.1}% 23
\BOOKMARK [1][]{section.1.4}{\376\377\000T\000h\036\277\000\040\000n\001\003\000n\000g}{chapter.1}% 24
\BOOKMARK [1][]{section.1.5}{\376\377\000C\001\241\000\040\000n\001\003\000n\000g}{chapter.1}% 25
\BOOKMARK [0][]{mychapter.0.28}{\376\377\000C\036\245\000u\000\040\000t\036\241\000o\000\040\000c\000h\036\245\000t\000.\000\040\000T\000h\000u\000y\036\277\000t\000\040\001\021\036\331\000n\000g\000\040\000h\036\315\000c\000\040\000p\000h\000\342\000n\000\040\000t\036\355\000\040\000c\000h\036\245\000t\000\040\000k\000h\000\355}{}% 26
\BOOKMARK [0][]{mychapter.0.29}{\376\377\000Q\000u\000\341\000\040\000t\000r\000\354\000n\000h\000\040\001\021\036\263\000n\000g\000\040\000n\000h\000i\036\307\000t\000.\000\040\001\020\036\313\000n\000h\000\040\000l\000u\036\255\000t\000\040\000B\000\364\000i\000-\000l\001\241\000\040\000-\000\040\000M\000a\000-\000r\000i\000-\036\321\000t}{}% 27
\BOOKMARK [0][]{mychapter.0.30}{\376\377\000Q\000u\000\341\000\040\000t\000r\000\354\000n\000h\000\040\001\021\036\263\000n\000g\000\040\000t\000\355\000c\000h\000.\000\040\001\020\036\313\000n\000h\000\040\000l\000u\036\255\000t\000\040\000S\000\341\000c\000-\000l\001\241}{}% 28
\BOOKMARK [0][]{mychapter.0.31}{\376\377\000P\000h\001\260\001\241\000n\000g\000\040\000t\000r\000\354\000n\000h\000\040\000t\000r\036\241\000n\000g\000\040\000t\000h\000\341\000i\000\040\000c\036\347\000a\000\040\000k\000h\000\355\000\040\000l\000\355\000\040\000t\001\260\036\337\000n\000g}{}% 29
\BOOKMARK [1][]{section.1.1}{\376\377\000L\000\375\000\040\000t\000h\000u\000y\036\277\000t\000:\000\040\000Q\000u\000\341\000\040\000t\000r\000\354\000n\000h\000\040\001\021\036\263\000n\000g\000\040\000\341\000p}{mychapter.0.31}% 30
\BOOKMARK [1][]{section.1.2}{\376\377\000L\000\375\000\040\000t\000h\000u\000y\036\277\000t\000:\000\040\000P\000h\001\260\001\241\000n\000g\000\040\000t\000r\000\354\000n\000h\000\040\000t\000r\036\241\000n\000g\000\040\000t\000h\000\341\000i\000\040\000c\036\347\000a\000\040\000k\000h\000\355\000\040\000l\000\355\000\040\000t\001\260\036\337\000n\000g}{mychapter.0.31}% 31
\BOOKMARK [1][]{section.1.3}{\376\377\000L\000\375\000\040\000t\000h\000u\000y\036\277\000t\000:\000\040\001\020\036\323\000\040\000t\000h\036\313\000\040\000b\000i\036\277\000n\000\040\001\021\036\325\000i\000\040\000t\000r\036\241\000n\000g\000\040\000t\000h\000\341\000i\000\040\000k\000h\000\355\000\040\000l\000\355\000\040\000t\001\260\036\337\000n\000g}{mychapter.0.31}% 32
\BOOKMARK [0][]{chapter.2}{\376\377\000\324\000n\000\040\000t\036\255\000p\000:\000\040\000C\000h\001\260\001\241\000n\000g\000\040\000V\000.\000\040\000C\000h\036\245\000t\000\040\000k\000h\000\355}{}% 33
\BOOKMARK [1][]{section.2.1}{\376\377\000C\036\245\000u\000\040\000t\036\241\000o\000\040\000c\000h\036\245\000t\000.\000\040\000T\000h\000u\000y\036\277\000t\000\040\001\021\036\331\000n\000g\000\040\000h\036\315\000c\000\040\000p\000h\000\342\000n\000\040\000t\036\355\000\040\000c\000h\036\245\000t\000\040\000k\000h\000\355}{chapter.2}% 34
\BOOKMARK [1][]{section.2.2}{\376\377\000Q\000u\000\341\000\040\000t\000r\000\354\000n\000h\000\040\001\021\036\263\000n\000g\000\040\000n\000h\000i\036\307\000t\000.\000\040\001\020\036\313\000n\000h\000\040\000l\000u\036\255\000t\000\040\000B\000\364\000i\000-\000l\001\241\000\040\000-\000\040\000M\000a\000-\000r\000i\000-\036\321\000t}{chapter.2}% 35
\BOOKMARK [1][]{section.2.3}{\376\377\000Q\000u\000\341\000\040\000t\000r\000\354\000n\000h\000\040\001\021\036\263\000n\000g\000\040\000t\000\355\000c\000h\000.\000\040\001\020\036\313\000n\000h\000\040\000l\000u\036\255\000t\000\040\000S\000\341\000c\000-\000l\001\241}{chapter.2}% 36
\BOOKMARK [1][]{section.2.4}{\376\377\000P\000h\001\260\001\241\000n\000g\000\040\000t\000r\000\354\000n\000h\000\040\000t\000r\036\241\000n\000g\000\040\000t\000h\000\341\000i\000\040\000c\036\347\000a\000\040\000k\000h\000\355\000\040\000l\000\355\000\040\000t\001\260\036\337\000n\000g}{chapter.2}% 37
\BOOKMARK [0][]{mychapter.0.32}{\376\377\000N\036\331\000i\000\040\000n\001\003\000n\000g\000\040\000v\000\340\000\040\000s\036\361\000\040\000b\000i\036\277\000n\000\040\000t\000h\000i\000\352\000n\000\040\000n\036\331\000i\000\040\000n\001\003\000n\000g}{}% 38
\BOOKMARK [1][]{section.2.1}{\376\377\000L\000\375\000\040\000t\000h\000u\000y\036\277\000t\000:\000\040\000N\036\331\000i\000\040\000n\001\003\000n\000g}{mychapter.0.32}% 39
\BOOKMARK [1][]{section.2.2}{\376\377\000L\000\375\000\040\000t\000h\000u\000y\036\277\000t\000:\000\040\000C\000\341\000c\000\040\000c\000\341\000c\000h\000\040\000l\000\340\000m\000\040\000t\000h\000a\000y\000\040\001\021\036\325\000i\000\040\000n\036\331\000i\000\040\000n\001\003\000n\000g}{mychapter.0.32}% 40
\BOOKMARK [0][]{mychapter.0.33}{\376\377\000C\000\341\000c\000\040\000n\000g\000u\000y\000\352\000n\000\040\000l\000\375\000\040\000c\036\347\000a\000\040\000n\000h\000i\036\307\000t\000\040\001\021\036\331\000n\000g\000\040\000l\036\361\000c\000\040\000h\036\315\000c}{}% 41
\BOOKMARK [1][]{section.2.1}{\376\377\000L\000\375\000\040\000t\000h\000u\000y\036\277\000t\000:\000\040\000N\000g\000u\000y\000\352\000n\000\040\000l\000\355\000\040\0001\000\040\000n\000h\000i\036\307\000t\000\040\001\021\036\331\000n\000g\000\040\000l\036\361\000c\000\040\000h\036\315\000c}{mychapter.0.33}% 42
\BOOKMARK [1][]{section.2.2}{\376\377\000L\000\375\000\040\000t\000h\000u\000y\036\277\000t\000:\000\040\000N\000g\000u\000y\000\352\000n\000\040\000l\000\355\000\040\0002\000\040\000n\000h\000i\036\307\000t\000\040\001\021\036\331\000n\000g\000\040\000l\036\361\000c\000\040\000h\036\315\000c}{mychapter.0.33}% 43
\BOOKMARK [0][]{mychapter.0.34}{\376\377\000C\000h\036\245\000t\000\040\000r\036\257\000n\000\040\000k\036\277\000t\000\040\000t\000i\000n\000h\000.\000\040\000C\000h\036\245\000t\000\040\000r\036\257\000n\000\040\000v\000\364\000\040\001\021\036\313\000n\000h\000\040\000h\000\354\000n\000h}{}% 44
\BOOKMARK [0][]{mychapter.0.36}{\376\377\000S\036\361\000\040\000n\036\337\000\040\000v\000\354\000\040\000n\000h\000i\036\307\000t\000\040\000c\036\347\000a\000\040\000v\036\255\000t\000\040\000r\036\257\000n}{}% 45
\BOOKMARK [0][]{mychapter.0.37}{\376\377\000C\000\341\000c\000\040\000h\000i\036\307\000n\000\040\000t\001\260\036\343\000n\000g\000\040\000b\036\301\000\040\000m\036\267\000t\000\040\000c\036\347\000a\000\040\000c\000h\036\245\000t\000\040\000l\036\317\000n\000g}{}% 46
\BOOKMARK [0][]{chapter.3}{\376\377\000D\000a\000n\000h\000\040\000m\036\345\000c\000\040\000t\000r\000\355\000c\000h\000\040\000d\036\253\000n\000\040\001\021\036\301\000\040\000t\000h\000i\000\040\000H\036\315\000c\000\040\000k\000\354\000\040\000I\000I}{}% 47
