This is pdfTeX, Version 3.141592653-2.6-1.40.23 (MiKTeX 21.10) (preloaded format=pdflatex 2021.10.18)  11 OCT 2022 11:56
entering extended mode
**./VN10-2021-PH-TP014.tex
(VN10-2021-PH-TP014.tex
LaTeX2e <2021-06-01> patch level 1
L3 programming layer <2021-10-12>
! Undefined control sequence.
l.1 \whiteBGstarBegin
                     
The control sequence at the end of the top line
of your error message was never \def'ed. If you have
misspelled it (e.g., `\hobx'), type `I' and the correct
spelling (e.g., `I\hbox'). Otherwise just continue,
and I'll forget about whatever was undefined.


! LaTeX Error: No counter 'section' defined.

See the LaTeX manual or LaTeX Companion for explanation.
Type  H <return>  for immediate help.
 ...                                              
                                                  
l.2 \setcounter{section}{0}
                           
Your command was ignored.
Type  I <command> <return>  to replace it with another command,
or  <return>  to continue without it.

! Undefined control sequence.
l.3 \section
            {Tr·∫Øc nghi·ªám}
The control sequence at the end of the top line
of your error message was never \def'ed. If you have
misspelled it (e.g., `\hobx'), type `I' and the correct
spelling (e.g., `I\hbox'). Otherwise just continue,
and I'll forget about whatever was undefined.


! LaTeX Error: Missing \begin{document}.

See the LaTeX manual or LaTeX Companion for explanation.
Type  H <return>  for immediate help.
 ...                                              
                                                  
l.3 \section{T
              r·∫Øc nghi·ªám}
You're in trouble here.  Try typing  <return>  to proceed.
If that doesn't work, type  X <return>  to quit.

Missing character: There is no T in font nullfont!
Missing character: There is no r in font nullfont!

! Package inputenc Error: Unicode character ·∫Ø (U+1EAF)
(inputenc)                not set up for use with LaTeX.

See the inputenc package documentation for explanation.
Type  H <return>  for immediate help.
 ...                                              
                                                  
l.3 \section{Tr·∫Ø
                  c nghi·ªám}
You may provide a definition with
\DeclareUnicodeCharacter 

Missing character: There is no c in font nullfont!
Missing character: There is no n in font nullfont!
Missing character: There is no g in font nullfont!
Missing character: There is no h in font nullfont!
Missing character: There is no i in font nullfont!

! Package inputenc Error: Unicode character ·ªá (U+1EC7)
(inputenc)                not set up for use with LaTeX.

See the inputenc package documentation for explanation.
Type  H <return>  for immediate help.
 ...                                              
                                                  
l.3 \section{Tr·∫Øc nghi·ªá
                           m}
You may provide a definition with
\DeclareUnicodeCharacter 

Missing character: There is no m in font nullfont!

Overfull \hbox (20.0pt too wide) in paragraph at lines 3--4
[] 
 []


! LaTeX Error: Missing \begin{document}.

See the LaTeX manual or LaTeX Companion for explanation.
Type  H <return>  for immediate help.
 ...                                              
                                                  
l.4 \begin{enumerate}[
                      label=\bfseries C√¢u \arabic*:]
You're in trouble here.  Try typing  <return>  to proceed.
If that doesn't work, type  X <return>  to quit.

Missing character: There is no [ in font nullfont!
Missing character: There is no l in font nullfont!
Missing character: There is no a in font nullfont!
Missing character: There is no b in font nullfont!
Missing character: There is no e in font nullfont!
Missing character: There is no l in font nullfont!
Missing character: There is no = in font nullfont!
! Missing number, treated as zero.
<to be read again> 
                   \c@* 
l.4 ...in{enumerate}[label=\bfseries C√¢u \arabic*
                                                  :]
A number should have been here; I inserted `0'.
(If you can't figure out why I needed to see a number,
look up `weird error' in the index to The TeXbook.)


! LaTeX Error: Something's wrong--perhaps a missing \item.

See the LaTeX manual or LaTeX Companion for explanation.
Type  H <return>  for immediate help.
 ...                                              
                                                  
l.6 	\item \mkstar
                  {1}
Try typing  <return>  to proceed.
If that doesn't work, type  X <return>  to quit.


! LaTeX Error: Something's wrong--perhaps a missing \item.

See the LaTeX manual or LaTeX Companion for explanation.
Type  H <return>  for immediate help.
 ...                                              
                                                  
l.6 	\item \mkstar
                  {1}
Try typing  <return>  to proceed.
If that doesn't work, type  X <return>  to quit.


! LaTeX Error: Something's wrong--perhaps a missing \item.

See the LaTeX manual or LaTeX Companion for explanation.
Type  H <return>  for immediate help.
 ...                                              
                                                  
l.6 	\item \mkstar
                  {1}
Try typing  <return>  to proceed.
If that doesn't work, type  X <return>  to quit.

! Undefined control sequence.
<recently read> \mkstar 
                        
l.6 	\item \mkstar
                  {1}
The control sequence at the end of the top line
of your error message was never \def'ed. If you have
misspelled it (e.g., `\hobx'), type `I' and the correct
spelling (e.g., `I\hbox'). Otherwise just continue,
and I'll forget about whatever was undefined.

! Undefined control sequence.
l.8 	\cauhoi
            
The control sequence at the end of the top line
of your error message was never \def'ed. If you have
misspelled it (e.g., `\hobx'), type `I' and the correct
spelling (e.g., `I\hbox'). Otherwise just continue,
and I'll forget about whatever was undefined.


! Package inputenc Error: Unicode character ·ªÅ (U+1EC1)
(inputenc)                not set up for use with LaTeX.

See the inputenc package documentation for explanation.
Type  H <return>  for immediate help.
 ...                                              
                                                  
l.9 	{Khi n√≥i v·ªÅ
                    l·ª±c ƒë√†n h·ªìi c·ªßa l√≤ xo, ph√°t bi·ªÉu n√†o sau ƒë...

You may provide a definition with
\DeclareUnicodeCharacter 


! Package inputenc Error: Unicode character ·ª± (U+1EF1)
(inputenc)                not set up for use with LaTeX.

See the inputenc package documentation for explanation.
Type  H <return>  for immediate help.
 ...                                              
                                                  
l.9 	{Khi n√≥i v·ªÅ l·ª±
                        c ƒë√†n h·ªìi c·ªßa l√≤ xo, ph√°t bi·ªÉu n√†o sau ƒë...

You may provide a definition with
\DeclareUnicodeCharacter 


! LaTeX Error: Command \dj unavailable in encoding OT1.

See the LaTeX manual or LaTeX Companion for explanation.
Type  H <return>  for immediate help.
 ...                                              
                                                  
l.9 	{Khi n√≥i v·ªÅ l·ª±c ƒë
                            √†n h·ªìi c·ªßa l√≤ xo, ph√°t bi·ªÉu n√†o sau ƒë...

Your command was ignored.
Type  I <command> <return>  to replace it with another command,
or  <return>  to continue without it.


! Package inputenc Error: Unicode character ·ªì (U+1ED3)
(inputenc)                not set up for use with LaTeX.

See the inputenc package documentation for explanation.
Type  H <return>  for immediate help.
 ...                                              
                                                  
l.9 	{Khi n√≥i v·ªÅ l·ª±c ƒë√†n h·ªì
                                    i c·ªßa l√≤ xo, ph√°t bi·ªÉu n√†o sau ƒë...

You may provide a definition with
\DeclareUnicodeCharacter 


! Package inputenc Error: Unicode character ·ªß (U+1EE7)
(inputenc)                not set up for use with LaTeX.

See the inputenc package documentation for explanation.
Type  H <return>  for immediate help.
 ...                                              
                                                  
l.9 	{Khi n√≥i v·ªÅ l·ª±c ƒë√†n h·ªìi c·ªß
                                          a l√≤ xo, ph√°t bi·ªÉu n√†o sau ƒë...

You may provide a definition with
\DeclareUnicodeCharacter 


! Package inputenc Error: Unicode character ·ªÉ (U+1EC3)
(inputenc)                not set up for use with LaTeX.

See the inputenc package documentation for explanation.
Type  H <return>  for immediate help.
 ...                                              
                                                  
l.9 ...l·ª±c ƒë√†n h·ªìi c·ªßa l√≤ xo, ph√°t bi·ªÉ
                                                  u n√†o sau ƒë√¢y \textbf{s...

You may provide a definition with
\DeclareUnicodeCharacter 


! LaTeX Error: Command \dj unavailable in encoding OT1.

See the LaTeX manual or LaTeX Companion for explanation.
Type  H <return>  for immediate help.
 ...                                              
                                                  
l.9 ...·ªìi c·ªßa l√≤ xo, ph√°t bi·ªÉu n√†o sau ƒë
                                                  √¢y \textbf{sai?}
Your command was ignored.
Type  I <command> <return>  to replace it with another command,
or  <return>  to continue without it.


! LaTeX Error: Environment mcq undefined.

See the LaTeX manual or LaTeX Companion for explanation.
Type  H <return>  for immediate help.
 ...                                              
                                                  
l.10 		\begin{mcq}
                  
Your command was ignored.
Type  I <command> <return>  to replace it with another command,
or  <return>  to continue without it.


! LaTeX Error: Something's wrong--perhaps a missing \item.

See the LaTeX manual or LaTeX Companion for explanation.
Type  H <return>  for immediate help.
 ...                                              
                                                  
l.11 			\item L
               ·ª±c ƒë√†n h·ªìi lu√¥n c√≥ chi·ªÅu ng∆∞·ª£c v·ªõi chi·ªÅu bi·...

Try typing  <return>  to proceed.
If that doesn't work, type  X <return>  to quit.


! LaTeX Error: Something's wrong--perhaps a missing \item.

See the LaTeX manual or LaTeX Companion for explanation.
Type  H <return>  for immediate help.
 ...                                              
                                                  
l.11 			\item L
               ·ª±c ƒë√†n h·ªìi lu√¥n c√≥ chi·ªÅu ng∆∞·ª£c v·ªõi chi·ªÅu bi·...

Try typing  <return>  to proceed.
If that doesn't work, type  X <return>  to quit.


! LaTeX Error: Something's wrong--perhaps a missing \item.

See the LaTeX manual or LaTeX Companion for explanation.
Type  H <return>  for immediate help.
 ...                                              
                                                  
l.11 			\item L
               ·ª±c ƒë√†n h·ªìi lu√¥n c√≥ chi·ªÅu ng∆∞·ª£c v·ªõi chi·ªÅu bi·...

Try typing  <return>  to proceed.
If that doesn't work, type  X <return>  to quit.


! Package inputenc Error: Unicode character ·ª± (U+1EF1)
(inputenc)                not set up for use with LaTeX.

See the inputenc package documentation for explanation.
Type  H <return>  for immediate help.
 ...                                              
                                                  
l.11 			\item L·ª±
                  c ƒë√†n h·ªìi lu√¥n c√≥ chi·ªÅu ng∆∞·ª£c v·ªõi chi·ªÅu bi·...

You may provide a definition with
\DeclareUnicodeCharacter 


! LaTeX Error: Command \dj unavailable in encoding OT1.

See the LaTeX manual or LaTeX Companion for explanation.
Type  H <return>  for immediate help.
 ...                                              
                                                  
l.11 			\item L·ª±c ƒë
                      √†n h·ªìi lu√¥n c√≥ chi·ªÅu ng∆∞·ª£c v·ªõi chi·ªÅu bi·...

Your command was ignored.
Type  I <command> <return>  to replace it with another command,
or  <return>  to continue without it.


! Package inputenc Error: Unicode character ·ªì (U+1ED3)
(inputenc)                not set up for use with LaTeX.

See the inputenc package documentation for explanation.
Type  H <return>  for immediate help.
 ...                                              
                                                  
l.11 			\item L·ª±c ƒë√†n h·ªì
                              i lu√¥n c√≥ chi·ªÅu ng∆∞·ª£c v·ªõi chi·ªÅu bi·...

You may provide a definition with
\DeclareUnicodeCharacter 


! Package inputenc Error: Unicode character ·ªÅ (U+1EC1)
(inputenc)                not set up for use with LaTeX.

See the inputenc package documentation for explanation.
Type  H <return>  for immediate help.
 ...                                              
                                                  
l.11 			\item L·ª±c ƒë√†n h·ªìi lu√¥n c√≥ chi·ªÅ
                                                u ng∆∞·ª£c v·ªõi chi·ªÅu bi·...

You may provide a definition with
\DeclareUnicodeCharacter 


! Package inputenc Error: Unicode character ∆∞ (U+01B0)
(inputenc)                not set up for use with LaTeX.

See the inputenc package documentation for explanation.
Type  H <return>  for immediate help.
 ...                                              
                                                  
l.11 ...m L·ª±c ƒë√†n h·ªìi lu√¥n c√≥ chi·ªÅu ng∆∞
                                                  ·ª£c v·ªõi chi·ªÅu bi·∫øn ...

You may provide a definition with
\DeclareUnicodeCharacter 


! Package inputenc Error: Unicode character ·ª£ (U+1EE3)
(inputenc)                not set up for use with LaTeX.

See the inputenc package documentation for explanation.
Type  H <return>  for immediate help.
 ...                                              
                                                  
l.11 ...·ª±c ƒë√†n h·ªìi lu√¥n c√≥ chi·ªÅu ng∆∞·ª£
                                                  c v·ªõi chi·ªÅu bi·∫øn d·∫...

You may provide a definition with
\DeclareUnicodeCharacter 


! Package inputenc Error: Unicode character ·ªõ (U+1EDB)
(inputenc)                not set up for use with LaTeX.

See the inputenc package documentation for explanation.
Type  H <return>  for immediate help.
 ...                                              
                                                  
l.11 ...ë√†n h·ªìi lu√¥n c√≥ chi·ªÅu ng∆∞·ª£c v·ªõ
                                                  i chi·ªÅu bi·∫øn d·∫°ng c·...

You may provide a definition with
\DeclareUnicodeCharacter 


! Package inputenc Error: Unicode character ·ªÅ (U+1EC1)
(inputenc)                not set up for use with LaTeX.

See the inputenc package documentation for explanation.
Type  H <return>  for immediate help.
 ...                                              
                                                  
l.11 ...ìi lu√¥n c√≥ chi·ªÅu ng∆∞·ª£c v·ªõi chi·ªÅ
                                                  u bi·∫øn d·∫°ng c·ªßa l√≤ xo.

You may provide a definition with
\DeclareUnicodeCharacter 


! Package inputenc Error: Unicode character ·∫ø (U+1EBF)
(inputenc)                not set up for use with LaTeX.

See the inputenc package documentation for explanation.
Type  H <return>  for immediate help.
 ...                                              
                                                  
l.11 ...n c√≥ chi·ªÅu ng∆∞·ª£c v·ªõi chi·ªÅu bi·∫ø
                                                  n d·∫°ng c·ªßa l√≤ xo.
You may provide a definition with
\DeclareUnicodeCharacter 


! Package inputenc Error: Unicode character ·∫° (U+1EA1)
(inputenc)                not set up for use with LaTeX.

See the inputenc package documentation for explanation.
Type  H <return>  for immediate help.
 ...                                              
                                                  
l.11 ...chi·ªÅu ng∆∞·ª£c v·ªõi chi·ªÅu bi·∫øn d·∫°
                                                  ng c·ªßa l√≤ xo.
You may provide a definition with
\DeclareUnicodeCharacter 


! Package inputenc Error: Unicode character ·ªß (U+1EE7)
(inputenc)                not set up for use with LaTeX.

See the inputenc package documentation for explanation.
Type  H <return>  for immediate help.
 ...                                              
                                                  
l.11 ... ng∆∞·ª£c v·ªõi chi·ªÅu bi·∫øn d·∫°ng c·ªß
                                                  a l√≤ xo.
You may provide a definition with
\DeclareUnicodeCharacter 


! LaTeX Error: Something's wrong--perhaps a missing \item.

See the LaTeX manual or LaTeX Companion for explanation.
Type  H <return>  for immediate help.
 ...                                              
                                                  
l.12 			\item T
               rong gi·ªõi h·∫°n ƒë√†n h·ªìi, l·ª±c ƒë√†n h·ªìi lu√¥n t·ªâ l...

Try typing  <return>  to proceed.
If that doesn't work, type  X <return>  to quit.


! LaTeX Error: Something's wrong--perhaps a missing \item.

See the LaTeX manual or LaTeX Companion for explanation.
Type  H <return>  for immediate help.
 ...                                              
                                                  
l.12 			\item T
               rong gi·ªõi h·∫°n ƒë√†n h·ªìi, l·ª±c ƒë√†n h·ªìi lu√¥n t·ªâ l...

Try typing  <return>  to proceed.
If that doesn't work, type  X <return>  to quit.


! LaTeX Error: Something's wrong--perhaps a missing \item.

See the LaTeX manual or LaTeX Companion for explanation.
Type  H <return>  for immediate help.
 ...                                              
                                                  
l.12 			\item T
               rong gi·ªõi h·∫°n ƒë√†n h·ªìi, l·ª±c ƒë√†n h·ªìi lu√¥n t·ªâ l...

Try typing  <return>  to proceed.
If that doesn't work, type  X <return>  to quit.


! Package inputenc Error: Unicode character ·ªõ (U+1EDB)
(inputenc)                not set up for use with LaTeX.

See the inputenc package documentation for explanation.
Type  H <return>  for immediate help.
 ...                                              
                                                  
l.12 			\item Trong gi·ªõ
                         i h·∫°n ƒë√†n h·ªìi, l·ª±c ƒë√†n h·ªìi lu√¥n t·ªâ l...

You may provide a definition with
\DeclareUnicodeCharacter 


! Package inputenc Error: Unicode character ·∫° (U+1EA1)
(inputenc)                not set up for use with LaTeX.

See the inputenc package documentation for explanation.
Type  H <return>  for immediate help.
 ...                                              
                                                  
l.12 			\item Trong gi·ªõi h·∫°
                               n ƒë√†n h·ªìi, l·ª±c ƒë√†n h·ªìi lu√¥n t·ªâ l...

You may provide a definition with
\DeclareUnicodeCharacter 


! LaTeX Error: Command \dj unavailable in encoding OT1.

See the LaTeX manual or LaTeX Companion for explanation.
Type  H <return>  for immediate help.
 ...                                              
                                                  
l.12 			\item Trong gi·ªõi h·∫°n ƒë
                                   √†n h·ªìi, l·ª±c ƒë√†n h·ªìi lu√¥n t·ªâ l...

Your command was ignored.
Type  I <command> <return>  to replace it with another command,
or  <return>  to continue without it.


! Package inputenc Error: Unicode character ·ªì (U+1ED3)
(inputenc)                not set up for use with LaTeX.

See the inputenc package documentation for explanation.
Type  H <return>  for immediate help.
 ...                                              
                                                  
l.12 			\item Trong gi·ªõi h·∫°n ƒë√†n h·ªì
                                           i, l·ª±c ƒë√†n h·ªìi lu√¥n t·ªâ l...

You may provide a definition with
\DeclareUnicodeCharacter 


! Package inputenc Error: Unicode character ·ª± (U+1EF1)
(inputenc)                not set up for use with LaTeX.

See the inputenc package documentation for explanation.
Type  H <return>  for immediate help.
 ...                                              
                                                  
l.12 			\item Trong gi·ªõi h·∫°n ƒë√†n h·ªìi, l·ª±
                                                  c ƒë√†n h·ªìi lu√¥n t·ªâ l...

You may provide a definition with
\DeclareUnicodeCharacter 


! LaTeX Error: Command \dj unavailable in encoding OT1.

See the LaTeX manual or LaTeX Companion for explanation.
Type  H <return>  for immediate help.
 ...                                              
                                                  
l.12 ...m Trong gi·ªõi h·∫°n ƒë√†n h·ªìi, l·ª±c ƒë
                                                  √†n h·ªìi lu√¥n t·ªâ l·ªá ...

Your command was ignored.
Type  I <command> <return>  to replace it with another command,
or  <return>  to continue without it.


! Package inputenc Error: Unicode character ·ªì (U+1ED3)
(inputenc)                not set up for use with LaTeX.

See the inputenc package documentation for explanation.
Type  H <return>  for immediate help.
 ...                                              
                                                  
l.12 ...gi·ªõi h·∫°n ƒë√†n h·ªìi, l·ª±c ƒë√†n h·ªì
                                                  i lu√¥n t·ªâ l·ªá thu·∫≠n ...

You may provide a definition with
\DeclareUnicodeCharacter 


! Package inputenc Error: Unicode character ·ªâ (U+1EC9)
(inputenc)                not set up for use with LaTeX.

See the inputenc package documentation for explanation.
Type  H <return>  for immediate help.
 ...                                              
                                                  
l.12 ... ƒë√†n h·ªìi, l·ª±c ƒë√†n h·ªìi lu√¥n t·ªâ
                                                   l·ªá thu·∫≠n v·ªõi ƒë·ªô ...

You may provide a definition with
\DeclareUnicodeCharacter 


! Package inputenc Error: Unicode character ·ªá (U+1EC7)
(inputenc)                not set up for use with LaTeX.

See the inputenc package documentation for explanation.
Type  H <return>  for immediate help.
 ...                                              
                                                  
l.12 ...n h·ªìi, l·ª±c ƒë√†n h·ªìi lu√¥n t·ªâ l·ªá
                                                   thu·∫≠n v·ªõi ƒë·ªô bi·∫ø...

You may provide a definition with
\DeclareUnicodeCharacter 


! Package inputenc Error: Unicode character ·∫≠ (U+1EAD)
(inputenc)                not set up for use with LaTeX.

See the inputenc package documentation for explanation.
Type  H <return>  for immediate help.
 ...                                              
                                                  
l.12 ..., l·ª±c ƒë√†n h·ªìi lu√¥n t·ªâ l·ªá thu·∫≠
                                                  n v·ªõi ƒë·ªô bi·∫øn d·∫°ng.
You may provide a definition with
\DeclareUnicodeCharacter 


! Package inputenc Error: Unicode character ·ªõ (U+1EDB)
(inputenc)                not set up for use with LaTeX.

See the inputenc package documentation for explanation.
Type  H <return>  for immediate help.
 ...                                              
                                                  
l.12 ...c ƒë√†n h·ªìi lu√¥n t·ªâ l·ªá thu·∫≠n v·ªõ
                                                  i ƒë·ªô bi·∫øn d·∫°ng.
You may provide a definition with
\DeclareUnicodeCharacter 


! LaTeX Error: Command \dj unavailable in encoding OT1.

See the LaTeX manual or LaTeX Companion for explanation.
Type  H <return>  for immediate help.
 ...                                              
                                                  
l.12 ...√†n h·ªìi lu√¥n t·ªâ l·ªá thu·∫≠n v·ªõi ƒë
                                                  ·ªô bi·∫øn d·∫°ng.
Your command was ignored.
Type  I <command> <return>  to replace it with another command,
or  <return>  to continue without it.


! Package inputenc Error: Unicode character ·ªô (U+1ED9)
(inputenc)                not set up for use with LaTeX.

See the inputenc package documentation for explanation.
Type  H <return>  for immediate help.
 ...                                              
                                                  
l.12 ... h·ªìi lu√¥n t·ªâ l·ªá thu·∫≠n v·ªõi ƒë·ªô
                                                   bi·∫øn d·∫°ng.
You may provide a definition with
\DeclareUnicodeCharacter 


! Package inputenc Error: Unicode character ·∫ø (U+1EBF)
(inputenc)                not set up for use with LaTeX.

See the inputenc package documentation for explanation.
Type  H <return>  for immediate help.
 ...                                              
                                                  
l.12 ... lu√¥n t·ªâ l·ªá thu·∫≠n v·ªõi ƒë·ªô bi·∫ø
                                                  n d·∫°ng.
You may provide a definition with
\DeclareUnicodeCharacter 


! Package inputenc Error: Unicode character ·∫° (U+1EA1)
(inputenc)                not set up for use with LaTeX.

See the inputenc package documentation for explanation.
Type  H <return>  for immediate help.
 ...                                              
                                                  
l.12 ... t·ªâ l·ªá thu·∫≠n v·ªõi ƒë·ªô bi·∫øn d·∫°
                                                  ng.
You may provide a definition with
\DeclareUnicodeCharacter 


! LaTeX Error: Something's wrong--perhaps a missing \item.

See the LaTeX manual or LaTeX Companion for explanation.
Type  H <return>  for immediate help.
 ...                                              
                                                  
l.13 			\item K
               hi l√≤ xo b·ªã d√£n, l·ª±c ƒë√†n h·ªìi c√≥ ph∆∞∆°ng d·ªçc the...

Try typing  <return>  to proceed.
If that doesn't work, type  X <return>  to quit.


! LaTeX Error: Something's wrong--perhaps a missing \item.

See the LaTeX manual or LaTeX Companion for explanation.
Type  H <return>  for immediate help.
 ...                                              
                                                  
l.13 			\item K
               hi l√≤ xo b·ªã d√£n, l·ª±c ƒë√†n h·ªìi c√≥ ph∆∞∆°ng d·ªçc the...

Try typing  <return>  to proceed.
If that doesn't work, type  X <return>  to quit.


! LaTeX Error: Something's wrong--perhaps a missing \item.

See the LaTeX manual or LaTeX Companion for explanation.
Type  H <return>  for immediate help.
 ...                                              
                                                  
l.13 			\item K
               hi l√≤ xo b·ªã d√£n, l·ª±c ƒë√†n h·ªìi c√≥ ph∆∞∆°ng d·ªçc the...

Try typing  <return>  to proceed.
If that doesn't work, type  X <return>  to quit.


! Package inputenc Error: Unicode character ·ªã (U+1ECB)
(inputenc)                not set up for use with LaTeX.

See the inputenc package documentation for explanation.
Type  H <return>  for immediate help.
 ...                                              
                                                  
l.13 			\item Khi l√≤ xo b·ªã
                              d√£n, l·ª±c ƒë√†n h·ªìi c√≥ ph∆∞∆°ng d·ªçc the...

You may provide a definition with
\DeclareUnicodeCharacter 


! Package inputenc Error: Unicode character ·ª± (U+1EF1)
(inputenc)                not set up for use with LaTeX.

See the inputenc package documentation for explanation.
Type  H <return>  for immediate help.
 ...                                              
                                                  
l.13 			\item Khi l√≤ xo b·ªã d√£n, l·ª±
                                        c ƒë√†n h·ªìi c√≥ ph∆∞∆°ng d·ªçc the...

You may provide a definition with
\DeclareUnicodeCharacter 


! LaTeX Error: Command \dj unavailable in encoding OT1.

See the LaTeX manual or LaTeX Companion for explanation.
Type  H <return>  for immediate help.
 ...                                              
                                                  
l.13 			\item Khi l√≤ xo b·ªã d√£n, l·ª±c ƒë
                                            √†n h·ªìi c√≥ ph∆∞∆°ng d·ªçc the...

Your command was ignored.
Type  I <command> <return>  to replace it with another command,
or  <return>  to continue without it.


! Package inputenc Error: Unicode character ·ªì (U+1ED3)
(inputenc)                not set up for use with LaTeX.

See the inputenc package documentation for explanation.
Type  H <return>  for immediate help.
 ...                                              
                                                  
l.13 ...tem Khi l√≤ xo b·ªã d√£n, l·ª±c ƒë√†n h·ªì
                                                  i c√≥ ph∆∞∆°ng d·ªçc theo ...

You may provide a definition with
\DeclareUnicodeCharacter 


! Package inputenc Error: Unicode character ∆∞ (U+01B0)
(inputenc)                not set up for use with LaTeX.

See the inputenc package documentation for explanation.
Type  H <return>  for immediate help.
 ...                                              
                                                  
l.13 ...≤ xo b·ªã d√£n, l·ª±c ƒë√†n h·ªìi c√≥ ph∆∞
                                                  ∆°ng d·ªçc theo tr·ª•c l√≤...

You may provide a definition with
\DeclareUnicodeCharacter 


! Package inputenc Error: Unicode character ∆° (U+01A1)
(inputenc)                not set up for use with LaTeX.

See the inputenc package documentation for explanation.
Type  H <return>  for immediate help.
 ...                                              
                                                  
l.13 ...xo b·ªã d√£n, l·ª±c ƒë√†n h·ªìi c√≥ ph∆∞∆°
                                                  ng d·ªçc theo tr·ª•c l√≤ xo.
You may provide a definition with
\DeclareUnicodeCharacter 


! Package inputenc Error: Unicode character ·ªç (U+1ECD)
(inputenc)                not set up for use with LaTeX.

See the inputenc package documentation for explanation.
Type  H <return>  for immediate help.
 ...                                              
                                                  
l.13 ... d√£n, l·ª±c ƒë√†n h·ªìi c√≥ ph∆∞∆°ng d·ªç
                                                  c theo tr·ª•c l√≤ xo.
You may provide a definition with
\DeclareUnicodeCharacter 


! Package inputenc Error: Unicode character ·ª• (U+1EE5)
(inputenc)                not set up for use with LaTeX.

See the inputenc package documentation for explanation.
Type  H <return>  for immediate help.
 ...                                              
                                                  
l.13 ... ƒë√†n h·ªìi c√≥ ph∆∞∆°ng d·ªçc theo tr·ª•
                                                  c l√≤ xo.
You may provide a definition with
\DeclareUnicodeCharacter 


! LaTeX Error: Something's wrong--perhaps a missing \item.

See the LaTeX manual or LaTeX Companion for explanation.
Type  H <return>  for immediate help.
 ...                                              
                                                  
l.14 			\item L
               √≤ xo lu√¥n l·∫•y l·∫°i ƒë∆∞·ª£c h√¨nh d·∫°ng ban ƒë·∫ßu khi ...

Try typing  <return>  to proceed.
If that doesn't work, type  X <return>  to quit.


! LaTeX Error: Something's wrong--perhaps a missing \item.

See the LaTeX manual or LaTeX Companion for explanation.
Type  H <return>  for immediate help.
 ...                                              
                                                  
l.14 			\item L
               √≤ xo lu√¥n l·∫•y l·∫°i ƒë∆∞·ª£c h√¨nh d·∫°ng ban ƒë·∫ßu khi ...

Try typing  <return>  to proceed.
If that doesn't work, type  X <return>  to quit.


! LaTeX Error: Something's wrong--perhaps a missing \item.

See the LaTeX manual or LaTeX Companion for explanation.
Type  H <return>  for immediate help.
 ...                                              
                                                  
l.14 			\item L
               √≤ xo lu√¥n l·∫•y l·∫°i ƒë∆∞·ª£c h√¨nh d·∫°ng ban ƒë·∫ßu khi ...

Try typing  <return>  to proceed.
If that doesn't work, type  X <return>  to quit.


! Package inputenc Error: Unicode character ·∫• (U+1EA5)
(inputenc)                not set up for use with LaTeX.

See the inputenc package documentation for explanation.
Type  H <return>  for immediate help.
 ...                                              
                                                  
l.14 			\item L√≤ xo lu√¥n l·∫•
                               y l·∫°i ƒë∆∞·ª£c h√¨nh d·∫°ng ban ƒë·∫ßu khi ...

You may provide a definition with
\DeclareUnicodeCharacter 


! Package inputenc Error: Unicode character ·∫° (U+1EA1)
(inputenc)                not set up for use with LaTeX.

See the inputenc package documentation for explanation.
Type  H <return>  for immediate help.
 ...                                              
                                                  
l.14 			\item L√≤ xo lu√¥n l·∫•y l·∫°
                                     i ƒë∆∞·ª£c h√¨nh d·∫°ng ban ƒë·∫ßu khi ...

You may provide a definition with
\DeclareUnicodeCharacter 


! LaTeX Error: Command \dj unavailable in encoding OT1.

See the LaTeX manual or LaTeX Companion for explanation.
Type  H <return>  for immediate help.
 ...                                              
                                                  
l.14 			\item L√≤ xo lu√¥n l·∫•y l·∫°i ƒë
                                         ∆∞·ª£c h√¨nh d·∫°ng ban ƒë·∫ßu khi ...

Your command was ignored.
Type  I <command> <return>  to replace it with another command,
or  <return>  to continue without it.


! Package inputenc Error: Unicode character ∆∞ (U+01B0)
(inputenc)                not set up for use with LaTeX.

See the inputenc package documentation for explanation.
Type  H <return>  for immediate help.
 ...                                              
                                                  
l.14 			\item L√≤ xo lu√¥n l·∫•y l·∫°i ƒë∆∞
                                           ·ª£c h√¨nh d·∫°ng ban ƒë·∫ßu khi ...

You may provide a definition with
\DeclareUnicodeCharacter 


! Package inputenc Error: Unicode character ·ª£ (U+1EE3)
(inputenc)                not set up for use with LaTeX.

See the inputenc package documentation for explanation.
Type  H <return>  for immediate help.
 ...                                              
                                                  
l.14 			\item L√≤ xo lu√¥n l·∫•y l·∫°i ƒë∆∞·ª£
                                              c h√¨nh d·∫°ng ban ƒë·∫ßu khi ...

You may provide a definition with
\DeclareUnicodeCharacter 


! Package inputenc Error: Unicode character ·∫° (U+1EA1)
(inputenc)                not set up for use with LaTeX.

See the inputenc package documentation for explanation.
Type  H <return>  for immediate help.
 ...                                              
                                                  
l.14 ...≤ xo lu√¥n l·∫•y l·∫°i ƒë∆∞·ª£c h√¨nh d·∫°
                                                  ng ban ƒë·∫ßu khi th√¥i t√...

You may provide a definition with
\DeclareUnicodeCharacter 


! LaTeX Error: Command \dj unavailable in encoding OT1.

See the LaTeX manual or LaTeX Companion for explanation.
Type  H <return>  for immediate help.
 ...                                              
                                                  
l.14 ...n l·∫•y l·∫°i ƒë∆∞·ª£c h√¨nh d·∫°ng ban ƒë
                                                  ·∫ßu khi th√¥i t√°c d·ª•ng...

Your command was ignored.
Type  I <command> <return>  to replace it with another command,
or  <return>  to continue without it.


! Package inputenc Error: Unicode character ·∫ß (U+1EA7)
(inputenc)                not set up for use with LaTeX.

See the inputenc package documentation for explanation.
Type  H <return>  for immediate help.
 ...                                              
                                                  
l.14 ...·∫•y l·∫°i ƒë∆∞·ª£c h√¨nh d·∫°ng ban ƒë·∫ß
                                                  u khi th√¥i t√°c d·ª•ng l·...

You may provide a definition with
\DeclareUnicodeCharacter 


! Package inputenc Error: Unicode character ·ª• (U+1EE5)
(inputenc)                not set up for use with LaTeX.

See the inputenc package documentation for explanation.
Type  H <return>  for immediate help.
 ...                                              
                                                  
l.14 ...√¨nh d·∫°ng ban ƒë·∫ßu khi th√¥i t√°c d·ª•
                                                  ng l·ª±c.
You may provide a definition with
\DeclareUnicodeCharacter 


! Package inputenc Error: Unicode character ·ª± (U+1EF1)
(inputenc)                not set up for use with LaTeX.

See the inputenc package documentation for explanation.
Type  H <return>  for immediate help.
 ...                                              
                                                  
l.14 ...∫°ng ban ƒë·∫ßu khi th√¥i t√°c d·ª•ng l·ª±
                                                  c.
You may provide a definition with
\DeclareUnicodeCharacter 


! LaTeX Error: \begin{enumerate} on input line 4 ended by \end{mcq}.

See the LaTeX manual or LaTeX Companion for explanation.
Type  H <return>  for immediate help.
 ...                                              
                                                  
l.15 		\end{mcq}
                
Your command was ignored.
Type  I <command> <return>  to replace it with another command,
or  <return>  to continue without it.

! Undefined control sequence.
l.18 	\loigiai
              
The control sequence at the end of the top line
of your error message was never \def'ed. If you have
misspelled it (e.g., `\hobx'), type `I' and the correct
spelling (e.g., `I\hbox'). Otherwise just continue,
and I'll forget about whatever was undefined.


! LaTeX Error: Command \DJ unavailable in encoding OT1.

See the LaTeX manual or LaTeX Companion for explanation.
Type  H <return>  for immediate help.
 ...                                              
                                                  
l.19 	{	\textbf{ƒê√°p √°n: D.}
                              
Your command was ignored.
Type  I <command> <return>  to replace it with another command,
or  <return>  to continue without it.


! Package inputenc Error: Unicode character ·ªâ (U+1EC9)
(inputenc)                not set up for use with LaTeX.

See the inputenc package documentation for explanation.
Type  H <return>  for immediate help.
 ...                                              
                                                  
l.21 	L√≤ xo ch·ªâ
                   l·∫•y l·∫°i ƒë∆∞·ª£c h√¨nh d·∫°ng ban ƒë·∫ßu khi b·ªã bi·...

You may provide a definition with
\DeclareUnicodeCharacter 


! Package inputenc Error: Unicode character ·∫• (U+1EA5)
(inputenc)                not set up for use with LaTeX.

See the inputenc package documentation for explanation.
Type  H <return>  for immediate help.
 ...                                              
                                                  
l.21 	L√≤ xo ch·ªâ l·∫•
                       y l·∫°i ƒë∆∞·ª£c h√¨nh d·∫°ng ban ƒë·∫ßu khi b·ªã bi·...

You may provide a definition with
\DeclareUnicodeCharacter 


! Package inputenc Error: Unicode character ·∫° (U+1EA1)
(inputenc)                not set up for use with LaTeX.

See the inputenc package documentation for explanation.
Type  H <return>  for immediate help.
 ...                                              
                                                  
l.21 	L√≤ xo ch·ªâ l·∫•y l·∫°
                             i ƒë∆∞·ª£c h√¨nh d·∫°ng ban ƒë·∫ßu khi b·ªã bi·...

You may provide a definition with
\DeclareUnicodeCharacter 


! LaTeX Error: Command \dj unavailable in encoding OT1.

See the LaTeX manual or LaTeX Companion for explanation.
Type  H <return>  for immediate help.
 ...                                              
                                                  
l.21 	L√≤ xo ch·ªâ l·∫•y l·∫°i ƒë
                                 ∆∞·ª£c h√¨nh d·∫°ng ban ƒë·∫ßu khi b·ªã bi·...

Your command was ignored.
Type  I <command> <return>  to replace it with another command,
or  <return>  to continue without it.


! Package inputenc Error: Unicode character ∆∞ (U+01B0)
(inputenc)                not set up for use with LaTeX.

See the inputenc package documentation for explanation.
Type  H <return>  for immediate help.
 ...                                              
                                                  
l.21 	L√≤ xo ch·ªâ l·∫•y l·∫°i ƒë∆∞
                                   ·ª£c h√¨nh d·∫°ng ban ƒë·∫ßu khi b·ªã bi·...

You may provide a definition with
\DeclareUnicodeCharacter 


! Package inputenc Error: Unicode character ·ª£ (U+1EE3)
(inputenc)                not set up for use with LaTeX.

See the inputenc package documentation for explanation.
Type  H <return>  for immediate help.
 ...                                              
                                                  
l.21 	L√≤ xo ch·ªâ l·∫•y l·∫°i ƒë∆∞·ª£
                                      c h√¨nh d·∫°ng ban ƒë·∫ßu khi b·ªã bi·...

You may provide a definition with
\DeclareUnicodeCharacter 


! Package inputenc Error: Unicode character ·∫° (U+1EA1)
(inputenc)                not set up for use with LaTeX.

See the inputenc package documentation for explanation.
Type  H <return>  for immediate help.
 ...                                              
                                                  
l.21 	L√≤ xo ch·ªâ l·∫•y l·∫°i ƒë∆∞·ª£c h√¨nh d·∫°
                                                  ng ban ƒë·∫ßu khi b·ªã bi·...

You may provide a definition with
\DeclareUnicodeCharacter 


! LaTeX Error: Command \dj unavailable in encoding OT1.

See the LaTeX manual or LaTeX Companion for explanation.
Type  H <return>  for immediate help.
 ...                                              
                                                  
l.21 ...â l·∫•y l·∫°i ƒë∆∞·ª£c h√¨nh d·∫°ng ban ƒë
                                                  ·∫ßu khi b·ªã bi·∫øn d·∫°n...

Your command was ignored.
Type  I <command> <return>  to replace it with another command,
or  <return>  to continue without it.


! Package inputenc Error: Unicode character ·∫ß (U+1EA7)
(inputenc)                not set up for use with LaTeX.

See the inputenc package documentation for explanation.
Type  H <return>  for immediate help.
 ...                                              
                                                  
l.21 ...·∫•y l·∫°i ƒë∆∞·ª£c h√¨nh d·∫°ng ban ƒë·∫ß
                                                  u khi b·ªã bi·∫øn d·∫°ng t...

You may provide a definition with
\DeclareUnicodeCharacter 


! Package inputenc Error: Unicode character ·ªã (U+1ECB)
(inputenc)                not set up for use with LaTeX.

See the inputenc package documentation for explanation.
Type  H <return>  for immediate help.
 ...                                              
                                                  
l.21 ... ƒë∆∞·ª£c h√¨nh d·∫°ng ban ƒë·∫ßu khi b·ªã
                                                   bi·∫øn d·∫°ng trong gi·ªõ...

You may provide a definition with
\DeclareUnicodeCharacter 


! Package inputenc Error: Unicode character ·∫ø (U+1EBF)
(inputenc)                not set up for use with LaTeX.

See the inputenc package documentation for explanation.
Type  H <return>  for immediate help.
 ...                                              
                                                  
l.21 ...ª£c h√¨nh d·∫°ng ban ƒë·∫ßu khi b·ªã bi·∫ø
                                                  n d·∫°ng trong gi·ªõi h·∫°...

You may provide a definition with
\DeclareUnicodeCharacter 


! Package inputenc Error: Unicode character ·∫° (U+1EA1)
(inputenc)                not set up for use with LaTeX.

See the inputenc package documentation for explanation.
Type  H <return>  for immediate help.
 ...                                              
                                                  
l.21 ...¨nh d·∫°ng ban ƒë·∫ßu khi b·ªã bi·∫øn d·∫°
                                                  ng trong gi·ªõi h·∫°n ƒë√†...

You may provide a definition with
\DeclareUnicodeCharacter 


! Package inputenc Error: Unicode character ·ªõ (U+1EDB)
(inputenc)                not set up for use with LaTeX.

See the inputenc package documentation for explanation.
Type  H <return>  for immediate help.
 ...                                              
                                                  
l.21 ... ƒë·∫ßu khi b·ªã bi·∫øn d·∫°ng trong gi·ªõ
                                                  i h·∫°n ƒë√†n h·ªìi.
You may provide a definition with
\DeclareUnicodeCharacter 


! Package inputenc Error: Unicode character ·∫° (U+1EA1)
(inputenc)                not set up for use with LaTeX.

See the inputenc package documentation for explanation.
Type  H <return>  for immediate help.
 ...                                              
                                                  
l.21 ...u khi b·ªã bi·∫øn d·∫°ng trong gi·ªõi h·∫°
                                                  n ƒë√†n h·ªìi.
You may provide a definition with
\DeclareUnicodeCharacter 


! LaTeX Error: Command \dj unavailable in encoding OT1.

See the LaTeX manual or LaTeX Companion for explanation.
Type  H <return>  for immediate help.
 ...                                              
                                                  
l.21 ...i b·ªã bi·∫øn d·∫°ng trong gi·ªõi h·∫°n ƒë
                                                  √†n h·ªìi.
Your command was ignored.
Type  I <command> <return>  to replace it with another command,
or  <return>  to continue without it.


! Package inputenc Error: Unicode character ·ªì (U+1ED3)
(inputenc)                not set up for use with LaTeX.

See the inputenc package documentation for explanation.
Type  H <return>  for immediate help.
 ...                                              
                                                  
l.21 ...i·∫øn d·∫°ng trong gi·ªõi h·∫°n ƒë√†n h·ªì
                                                  i.
You may provide a definition with
\DeclareUnicodeCharacter 


! LaTeX Error: Something's wrong--perhaps a missing \item.

See the LaTeX manual or LaTeX Companion for explanation.
Type  H <return>  for immediate help.
 ...                                              
                                                  
l.23 	\item \mkstar
                   {2}
Try typing  <return>  to proceed.
If that doesn't work, type  X <return>  to quit.


! LaTeX Error: Something's wrong--perhaps a missing \item.

See the LaTeX manual or LaTeX Companion for explanation.
Type  H <return>  for immediate help.
 ...                                              
                                                  
l.23 	\item \mkstar
                   {2}
Try typing  <return>  to proceed.
If that doesn't work, type  X <return>  to quit.


! LaTeX Error: Something's wrong--perhaps a missing \item.

See the LaTeX manual or LaTeX Companion for explanation.
Type  H <return>  for immediate help.
 ...                                              
                                                  
l.23 	\item \mkstar
                   {2}
Try typing  <return>  to proceed.
If that doesn't work, type  X <return>  to quit.

! Undefined control sequence.
<recently read> \mkstar 
                        
l.23 	\item \mkstar
                   {2}
The control sequence at the end of the top line
of your error message was never \def'ed. If you have
misspelled it (e.g., `\hobx'), type `I' and the correct
spelling (e.g., `I\hbox'). Otherwise just continue,
and I'll forget about whatever was undefined.

! Undefined control sequence.
l.25 	\cauhoi
             
The control sequence at the end of the top line
of your error message was never \def'ed. If you have
misspelled it (e.g., `\hobx'), type `I' and the correct
spelling (e.g., `I\hbox'). Otherwise just continue,
and I'll forget about whatever was undefined.


! Package inputenc Error: Unicode character ·ªô (U+1ED9)
(inputenc)                not set up for use with LaTeX.

See the inputenc package documentation for explanation.
Type  H <return>  for immediate help.
 ...                                              
                                                  
l.26 	{M·ªô
           t v·∫≠t c√≥ kh·ªëi l∆∞·ª£ng $\SI{200}{g}$ ƒë∆∞·ª£c treo v√†o m·ªô...

You may provide a definition with
\DeclareUnicodeCharacter 


! Package inputenc Error: Unicode character ·∫≠ (U+1EAD)
(inputenc)                not set up for use with LaTeX.

See the inputenc package documentation for explanation.
Type  H <return>  for immediate help.
 ...                                              
                                                  
l.26 	{M·ªôt v·∫≠
                 t c√≥ kh·ªëi l∆∞·ª£ng $\SI{200}{g}$ ƒë∆∞·ª£c treo v√†o m·ªô...

You may provide a definition with
\DeclareUnicodeCharacter 


! Package inputenc Error: Unicode character ·ªë (U+1ED1)
(inputenc)                not set up for use with LaTeX.

See the inputenc package documentation for explanation.
Type  H <return>  for immediate help.
 ...                                              
                                                  
l.26 	{M·ªôt v·∫≠t c√≥ kh·ªë
                            i l∆∞·ª£ng $\SI{200}{g}$ ƒë∆∞·ª£c treo v√†o m·ªô...

You may provide a definition with
\DeclareUnicodeCharacter 


! Package inputenc Error: Unicode character ∆∞ (U+01B0)
(inputenc)                not set up for use with LaTeX.

See the inputenc package documentation for explanation.
Type  H <return>  for immediate help.
 ...                                              
                                                  
l.26 	{M·ªôt v·∫≠t c√≥ kh·ªëi l∆∞
                                 ·ª£ng $\SI{200}{g}$ ƒë∆∞·ª£c treo v√†o m·ªô...

You may provide a definition with
\DeclareUnicodeCharacter 


! Package inputenc Error: Unicode character ·ª£ (U+1EE3)
(inputenc)                not set up for use with LaTeX.

See the inputenc package documentation for explanation.
Type  H <return>  for immediate help.
 ...                                              
                                                  
l.26 	{M·ªôt v·∫≠t c√≥ kh·ªëi l∆∞·ª£
                                    ng $\SI{200}{g}$ ƒë∆∞·ª£c treo v√†o m·ªô...
(That makes 100 errors; please try again.) 
Here is how much of TeX's memory you used:
 61 strings out of 478927
 898 string characters out of 2853008
 291183 words of memory out of 3000000
 18019 multiletter control sequences out of 15000+600000
 403738 words of font info for 28 fonts, out of 8000000 for 9000
 1141 hyphenation exceptions out of 8191
 14i,2n,12p,302b,175s stack positions out of 5000i,500n,10000p,200000b,80000s

!  ==> Fatal error occurred, no output PDF file produced!
