\BOOKMARK [0][]{mychapter.0.1}{\376\377\000D\000a\000o\000\040\001\021\036\331\000n\000g\000\040\001\021\000i\036\301\000u\000\040\000h\000\362\000a}{}% 1
\BOOKMARK [0][]{mychapter.0.2}{\376\377\000C\000o\000n\000\040\000l\036\257\000c\000\040\000l\000\362\000\040\000x\000o}{}% 2
\BOOKMARK [0][]{mychapter.0.3}{\376\377\000C\000o\000n\000\040\000l\036\257\000c\000\040\001\021\001\241\000n}{}% 3
\BOOKMARK [0][]{mychapter.0.4}{\376\377\000D\000a\000o\000\040\001\021\036\331\000n\000g\000\040\000t\036\257\000t\000\040\000d\036\247\000n\000.\000\040\000D\000a\000o\000\040\001\021\036\331\000n\000g\000\040\000c\001\260\036\341\000n\000g\000\040\000b\036\351\000c}{}% 4
\BOOKMARK [0][]{mychapter.0.5}{\376\377\000T\036\325\000n\000g\000\040\000h\036\343\000p\000\040\000h\000a\000i\000\040\000d\000a\000o\000\040\001\021\036\331\000n\000g\000\040\001\021\000i\036\301\000u\000\040\000h\000\362\000a\000\040\000c\000\371\000n\000g\000\040\000p\000h\001\260\001\241\000n\000g\000,\000\040\000c\000\371\000n\000g\000\040\000t\036\247\000n\000\040\000s\036\321\000.\000\040\000P\000h\001\260\001\241\000n\000g\000\040\000p\000h\000\341\000p\000\040\000g\000i\036\243\000n\000\040\001\021\036\323\000\040\000F\000r\000e\000s\000n\000e\000l\000.\000\040\001\020\036\323\000\040\000t\000h\036\313\000\040\000d\000a\000o\000\040\001\021\036\331\000n\000g\000\040\001\021\000i\036\301\000u\000\040\000h\000\362\000a}{}% 5
\BOOKMARK [0][]{chapter.1}{\376\377\000\324\000n\000\040\000t\036\255\000p\000:\000\040\000C\000h\001\260\001\241\000n\000g\000\040\000I\000.\000\040\000D\000a\000o\000\040\001\021\036\331\000n\000g\000\040\000c\001\241}{}% 6
\BOOKMARK [0][]{mychapter.0.7}{\376\377\000S\000\363\000n\000g\000\040\000c\001\241\000\040\000v\000\340\000\040\000s\036\361\000\040\000t\000r\000u\000y\036\301\000n\000\040\000s\000\363\000n\000g\000\040\000c\001\241}{}% 7
\BOOKMARK [0][]{mychapter.0.8}{\376\377\000G\000i\000a\000o\000\040\000t\000h\000o\000a\000\040\000s\000\363\000n\000g}{}% 8
\BOOKMARK [0][]{mychapter.0.9}{\376\377\000S\000\363\000n\000g\000\040\000d\036\353\000n\000g}{}% 9
\BOOKMARK [0][]{mychapter.0.10}{\376\377\001\020\036\267\000c\000\040\000t\000r\001\260\000n\000g\000\040\000v\036\255\000t\000\040\000l\000\375\000\040\000c\036\347\000a\000\040\000\342\000m}{}% 10
\BOOKMARK [0][]{mychapter.0.11}{\376\377\001\020\036\267\000c\000\040\000t\000r\001\260\000n\000g\000\040\000s\000i\000n\000h\000\040\000l\000\375\000\040\000c\036\347\000a\000\040\000\342\000m\000.\000\040\001\020\036\323\000\040\000t\000h\036\313\000\040\000d\000a\000o\000\040\001\021\036\331\000n\000g\000\040\000\342\000m}{}% 11
\BOOKMARK [0][]{chapter.2}{\376\377\000\324\000n\000\040\000t\036\255\000p\000:\000\040\000C\000h\001\260\001\241\000n\000g\000\040\000I\000I\000.\000\040\000S\000\363\000n\000g\000\040\000c\001\241\000\040\000v\000\340\000\040\000s\000\363\000n\000g\000\040\000\342\000m}{}% 12
\BOOKMARK [0][]{mychapter.0.12}{\376\377\001\020\036\241\000i\000\040\000c\001\260\001\241\000n\000g\000\040\000v\036\301\000\040\000d\000\362\000n\000g\000\040\001\021\000i\036\307\000n\000\040\000x\000o\000a\000y\000\040\000c\000h\000i\036\301\000u}{}% 13
\BOOKMARK [0][]{mychapter.0.13}{\376\377\000C\000\341\000c\000\040\000m\036\241\000c\000h\000\040\001\021\000i\036\307\000n\000\040\000x\000o\000a\000y\000\040\000c\000h\000i\036\301\000u}{}% 14
\BOOKMARK [0][]{mychapter.0.14}{\376\377\000M\036\241\000c\000h\000\040\000c\000\363\000\040\000R\000L\000C\000\040\000m\036\257\000c\000\040\000n\036\321\000i\000\040\000t\000i\036\277\000p}{}% 15
\BOOKMARK [0][]{mychapter.0.15}{\376\377\000C\000\364\000n\000g\000\040\000s\000u\036\245\000t\000\040\000t\000i\000\352\000u\000\040\000t\000h\036\345\000\040\000c\036\347\000a\000\040\000m\036\241\000c\000h\000\040\001\021\000i\036\307\000n\000\040\000x\000o\000a\000y\000\040\000c\000h\000i\036\301\000u\000.\000\040\000H\036\307\000\040\000s\036\321\000\040\000c\000\364\000n\000g\000\040\000s\000u\036\245\000t}{}% 16
\BOOKMARK [0][]{mychapter.0.16}{\376\377\000T\000r\000u\000y\036\301\000n\000\040\000t\036\243\000i\000\040\001\021\000i\036\307\000n\000\040\000n\001\003\000n\000g\000.\000\040\000M\000\341\000y\000\040\000b\000i\036\277\000n\000\040\000\341\000p}{}% 17
\BOOKMARK [0][]{mychapter.0.17}{\376\377\000M\000\341\000y\000\040\000p\000h\000\341\000t\000\040\001\021\000i\036\307\000n\000\040\000x\000o\000a\000y\000\040\000c\000h\000i\036\301\000u}{}% 18
\BOOKMARK [0][]{mychapter.0.18}{\376\377\001\020\036\331\000n\000g\000\040\000c\001\241\000\040\000k\000h\000\364\000n\000g\000\040\001\021\036\323\000n\000g\000\040\000b\036\331\000\040\000b\000a\000\040\000p\000h\000a}{}% 19
\BOOKMARK [0][]{chapter.3}{\376\377\000\324\000n\000\040\000t\036\255\000p\000:\000\040\000C\000h\001\260\001\241\000n\000g\000\040\000I\000I\000I\000.\000\040\000D\000\362\000n\000g\000\040\001\021\000i\036\307\000n\000\040\000x\000o\000a\000y\000\040\000c\000h\000i\036\301\000u}{}% 20
\BOOKMARK [0][]{chapter.4}{\376\377\000P\000r\000e\000-\000c\000o\000u\000r\000s\000e\000:\000\040\000T\000\355\000n\000h\000\040\000c\000h\036\245\000t\000\040\000v\000\340\000\040\000c\036\245\000u\000\040\000t\036\241\000o\000\040\000h\036\241\000t\000\040\000n\000h\000\342\000n}{}% 21
\BOOKMARK [0][]{chapter.5}{\376\377\000P\000r\000e\000-\000c\000o\000u\000r\000s\000e\000:\000\040\000N\001\003\000n\000g\000\040\000l\001\260\036\343\000n\000g\000\040\000l\000i\000\352\000n\000\040\000k\036\277\000t\000\040\000h\036\241\000t\000\040\000n\000h\000\342\000n}{}% 22
\BOOKMARK [0][]{chapter.6}{\376\377\000P\000r\000e\000-\000c\000o\000u\000r\000s\000e\000:\000\040\000P\000h\000\363\000n\000g\000\040\000x\036\241}{}% 23
\BOOKMARK [0][]{chapter.7}{\376\377\000P\000r\000e\000-\000c\000o\000u\000r\000s\000e\000:\000\040\000C\000o\000n\000\040\000l\036\257\000c\000\040\000l\000\362\000\040\000x\000o\000\040\000\050\000n\036\261\000m\000\040\000n\000g\000a\000n\000g\000\040\000v\000\340\000\040\000t\000r\000e\000o\000\040\000t\000h\036\263\000n\000g\000\040\001\021\036\351\000n\000g\000\051}{}% 24
\BOOKMARK [0][]{chapter.8}{\376\377\000P\000r\000e\000-\000c\000o\000u\000r\000s\000e\000:\000\040\001\020\036\313\000n\000h\000\040\000l\000u\036\255\000t\000\040\000C\000u\000-\000l\000\364\000n\000g\000,\000\040\001\021\000i\036\307\000n\000\040\000t\000r\001\260\036\335\000n\000g\000,\000\040\000c\000\364\000n\000g\000\040\000c\036\347\000a\000\040\000l\036\361\000c\000\040\001\021\000i\036\307\000n}{}% 25
\BOOKMARK [0][]{chapter.9}{\376\377\000P\000r\000e\000-\000c\000o\000u\000r\000s\000e\000:\000\040\001\020\036\313\000n\000h\000\040\000l\000u\036\255\000t\000\040\000\324\000m\000\040\000c\000h\000o\000\040\000t\000o\000\340\000n\000\040\000m\036\241\000c\000h\000,\000\040\000d\000\362\000n\000g\000\040\001\021\000i\036\307\000n\000\040\000t\000r\000o\000n\000g\000\040\000c\000\341\000c\000\040\000m\000\364\000i\000\040\000t\000r\001\260\036\335\000n\000g}{}% 26
\BOOKMARK [0][]{chapter.10}{\376\377\000P\000r\000e\000-\000c\000o\000u\000r\000s\000e\000:\000\040\000T\036\353\000\040\000t\000h\000\364\000n\000g\000.\000\040\000C\036\243\000m\000\040\036\351\000n\000g\000\040\001\021\000i\036\307\000n\000\040\000t\036\353\000\040\000-\000\040\000T\036\361\000\040\000c\036\243\000m}{}% 27
