\BOOKMARK [0][]{mychapter.0.1}{\376\377\001\020\000i\036\307\000n\000\040\000t\000\355\000c\000h\000.\000\040\001\020\036\313\000n\000h\000\040\000l\000u\036\255\000t\000\040\000C\000u\000-\000l\000\364\000n\000g}{}% 1
\BOOKMARK [1][]{section.0.1}{\376\377\000T\000r\036\257\000c\000\040\000n\000g\000h\000i\036\307\000m}{mychapter.0.1}% 2
\BOOKMARK [1][]{section.0.2}{\376\377\000T\036\361\000\040\000l\000u\036\255\000n}{mychapter.0.1}% 3
\BOOKMARK [0][]{mychapter.0.2}{\376\377\000T\000h\000u\000y\036\277\000t\000\040\000e\000l\000e\000c\000t\000r\000o\000n\000.\000\040\001\020\036\313\000n\000h\000\040\000l\000u\036\255\000t\000\040\000b\036\243\000o\000\040\000t\000o\000\340\000n\000\040\001\021\000i\036\307\000n\000\040\000t\000\355\000c\000h}{}% 4
\BOOKMARK [1][]{section.0.1}{\376\377\000T\000r\036\257\000c\000\040\000n\000g\000h\000i\036\307\000m}{mychapter.0.2}% 5
\BOOKMARK [1][]{section.0.2}{\376\377\000T\036\361\000\040\000l\000u\036\255\000n}{mychapter.0.2}% 6
\BOOKMARK [0][]{mychapter.0.3}{\376\377\001\020\000i\036\307\000n\000\040\000t\000r\001\260\036\335\000n\000g\000\040\000v\000\340\000\040\000c\001\260\036\335\000n\000g\000\040\001\021\036\331\000\040\001\021\000i\036\307\000n\000\040\000t\000r\001\260\036\335\000n\000g\000.\000\040\001\020\001\260\036\335\000n\000g\000\040\000s\036\351\000c\000\040\001\021\000i\036\307\000n}{}% 7
\BOOKMARK [1][]{section.0.1}{\376\377\000T\000r\036\257\000c\000\040\000n\000g\000h\000i\036\307\000m}{mychapter.0.3}% 8
\BOOKMARK [1][]{section.0.2}{\376\377\000T\036\361\000\040\000l\000u\036\255\000n}{mychapter.0.3}% 9
\BOOKMARK [0][]{mychapter.0.4}{\376\377\000C\000\364\000n\000g\000\040\000c\036\347\000a\000\040\000l\036\361\000c\000\040\001\021\000i\036\307\000n}{}% 10
\BOOKMARK [1][]{section.0.1}{\376\377\000T\000r\036\257\000c\000\040\000n\000g\000h\000i\036\307\000m}{mychapter.0.4}% 11
\BOOKMARK [1][]{section.0.2}{\376\377\000T\036\361\000\040\000l\000u\036\255\000n}{mychapter.0.4}% 12
\BOOKMARK [0][]{mychapter.0.5}{\376\377\001\020\000i\036\307\000n\000\040\000t\000h\036\277\000.\000\040\000H\000i\036\307\000u\000\040\001\021\000i\036\307\000n\000\040\000t\000h\036\277}{}% 13
\BOOKMARK [1][]{section.0.1}{\376\377\000T\000r\036\257\000c\000\040\000n\000g\000h\000i\036\307\000m}{mychapter.0.5}% 14
\BOOKMARK [1][]{section.0.2}{\376\377\000T\036\361\000\040\000l\000u\036\255\000n}{mychapter.0.5}% 15
\BOOKMARK [0][]{mychapter.0.6}{\376\377\000T\036\345\000\040\001\021\000i\036\307\000n}{}% 16
\BOOKMARK [1][]{section.0.1}{\376\377\000T\000r\036\257\000c\000\040\000n\000g\000h\000i\036\307\000m}{mychapter.0.6}% 17
\BOOKMARK [1][]{section.0.2}{\376\377\000T\036\361\000\040\000l\000u\036\255\000n}{mychapter.0.6}% 18
\BOOKMARK [0][]{chapter.1}{\376\377\000\324\000n\000\040\000t\036\255\000p\000:\000\040\000C\000h\001\260\001\241\000n\000g\000\040\000I\000.\000\040\001\020\000i\036\307\000n\000\040\000t\000\355\000c\000h\000.\000\040\001\020\000i\036\307\000n\000\040\000t\000r\001\260\036\335\000n\000g}{}% 19
\BOOKMARK [1][]{section.1.1}{\376\377\000T\000r\036\257\000c\000\040\000n\000g\000h\000i\036\307\000m}{chapter.1}% 20
\BOOKMARK [1][]{section.1.2}{\376\377\000T\036\361\000\040\000l\000u\036\255\000n}{chapter.1}% 21
\BOOKMARK [0][]{mychapter.0.7}{\376\377\000D\000\362\000n\000g\000\040\001\021\000i\036\307\000n\000\040\000k\000h\000\364\000n\000g\000\040\001\021\036\325\000i\000.\000\040\000N\000g\000u\036\323\000n\000\040\001\021\000i\036\307\000n}{}% 22
\BOOKMARK [1][]{section.1.1}{\376\377\000T\000r\036\257\000c\000\040\000n\000g\000h\000i\036\307\000m}{mychapter.0.7}% 23
\BOOKMARK [1][]{section.1.2}{\376\377\000T\036\361\000\040\000l\000u\036\255\000n}{mychapter.0.7}% 24
\BOOKMARK [0][]{mychapter.0.8}{\376\377\001\020\000i\036\307\000n\000\040\000n\001\003\000n\000g\000.\000\040\000C\000\364\000n\000g\000\040\000s\000u\036\245\000t\000\040\001\021\000i\036\307\000n}{}% 25
\BOOKMARK [1][]{section.1.1}{\376\377\000T\000r\036\257\000c\000\040\000n\000g\000h\000i\036\307\000m}{mychapter.0.8}% 26
\BOOKMARK [1][]{section.1.2}{\376\377\000T\036\361\000\040\000l\000u\036\255\000n}{mychapter.0.8}% 27
\BOOKMARK [0][]{mychapter.0.9}{\376\377\001\020\036\313\000n\000h\000\040\000l\000u\036\255\000t\000\040\000\324\000m\000\040\001\021\036\321\000i\000\040\000v\036\333\000i\000\040\000t\000o\000\340\000n\000\040\000m\036\241\000c\000h}{}% 28
\BOOKMARK [1][]{section.1.1}{\376\377\000T\000r\036\257\000c\000\040\000n\000g\000h\000i\036\307\000m}{mychapter.0.9}% 29
\BOOKMARK [1][]{section.1.2}{\376\377\000T\036\361\000\040\000l\000u\036\255\000n}{mychapter.0.9}% 30
\BOOKMARK [0][]{mychapter.0.10}{\376\377\000G\000h\000\351\000p\000\040\000c\000\341\000c\000\040\000n\000g\000u\036\323\000n\000\040\001\021\000i\036\307\000n\000\040\000t\000h\000\340\000n\000h\000\040\000b\036\331}{}% 31
\BOOKMARK [1][]{section.1.1}{\376\377\000T\000r\036\257\000c\000\040\000n\000g\000h\000i\036\307\000m}{mychapter.0.10}% 32
\BOOKMARK [1][]{section.1.2}{\376\377\000T\036\361\000\040\000l\000u\036\255\000n}{mychapter.0.10}% 33
\BOOKMARK [0][]{mychapter.0.11}{\376\377\000P\000h\001\260\001\241\000n\000g\000\040\000p\000h\000\341\000p\000\040\000g\000i\036\243\000i\000\040\000m\036\331\000t\000\040\000s\036\321\000\040\000b\000\340\000i\000\040\000t\000o\000\341\000n\000\040\000v\036\301\000\040\000t\000o\000\340\000n\000\040\000m\036\241\000c\000h}{}% 34
\BOOKMARK [1][]{section.1.1}{\376\377\000T\000r\036\257\000c\000\040\000n\000g\000h\000i\036\307\000m}{mychapter.0.11}% 35
\BOOKMARK [1][]{section.1.2}{\376\377\000T\036\361\000\040\000l\000u\036\255\000n}{mychapter.0.11}% 36
\BOOKMARK [0][]{chapter.2}{\376\377\000\324\000n\000\040\000t\036\255\000p\000:\000\040\000C\000h\001\260\001\241\000n\000g\000\040\000I\000I\000.\000\040\000D\000\362\000n\000g\000\040\001\021\000i\036\307\000n\000\040\000k\000h\000\364\000n\000g\000\040\001\021\036\325\000i}{}% 37
\BOOKMARK [1][]{section.2.1}{\376\377\000T\000r\036\257\000c\000\040\000n\000g\000h\000i\036\307\000m}{chapter.2}% 38
\BOOKMARK [1][]{section.2.2}{\376\377\000T\036\361\000\040\000l\000u\036\255\000n}{chapter.2}% 39
\BOOKMARK [0][]{mychapter.0.13}{\376\377\000D\000\362\000n\000g\000\040\001\021\000i\036\307\000n\000\040\000t\000r\000o\000n\000g\000\040\000k\000i\000m\000\040\000l\000o\036\241\000i}{}% 40
\BOOKMARK [1][]{section.2.1}{\376\377\000T\000r\036\257\000c\000\040\000n\000g\000h\000i\036\307\000m}{mychapter.0.13}% 41
\BOOKMARK [1][]{section.2.2}{\376\377\000T\036\361\000\040\000l\000u\036\255\000n}{mychapter.0.13}% 42
\BOOKMARK [0][]{mychapter.0.14}{\376\377\000D\000\362\000n\000g\000\040\001\021\000i\036\307\000n\000\040\000t\000r\000o\000n\000g\000\040\000c\000h\036\245\000t\000\040\001\021\000i\036\307\000n\000\040\000p\000h\000\342\000n}{}% 43
\BOOKMARK [1][]{section.2.1}{\376\377\000T\000r\036\257\000c\000\040\000n\000g\000h\000i\036\307\000m}{mychapter.0.14}% 44
\BOOKMARK [1][]{section.2.2}{\376\377\000T\036\361\000\040\000l\000u\036\255\000n}{mychapter.0.14}% 45
\BOOKMARK [0][]{mychapter.0.15}{\376\377\000D\000\362\000n\000g\000\040\001\021\000i\036\307\000n\000\040\000t\000r\000o\000n\000g\000\040\000c\000h\036\245\000t\000\040\000k\000h\000\355}{}% 46
\BOOKMARK [1][]{section.2.1}{\376\377\000T\000r\036\257\000c\000\040\000n\000g\000h\000i\036\307\000m}{mychapter.0.15}% 47
\BOOKMARK [1][]{section.2.2}{\376\377\000T\036\361\000\040\000l\000u\036\255\000n}{mychapter.0.15}% 48
\BOOKMARK [0][]{mychapter.0.17}{\376\377\000D\000\362\000n\000g\000\040\001\021\000i\036\307\000n\000\040\000t\000r\000o\000n\000g\000\040\000c\000h\036\245\000t\000\040\000b\000\341\000n\000\040\000d\036\253\000n}{}% 49
\BOOKMARK [1][]{section.2.1}{\376\377\000T\000r\036\257\000c\000\040\000n\000g\000h\000i\036\307\000m}{mychapter.0.17}% 50
\BOOKMARK [1][]{section.2.2}{\376\377\000T\036\361\000\040\000l\000u\036\255\000n}{mychapter.0.17}% 51
\BOOKMARK [0][]{chapter.3}{\376\377\000\324\000n\000\040\000t\036\255\000p\000:\000\040\000C\000h\001\260\001\241\000n\000g\000\040\000I\000I\000I\000.\000\040\000D\000\362\000n\000g\000\040\001\021\000i\036\307\000n\000\040\000t\000r\000o\000n\000g\000\040\000c\000\341\000c\000\040\000m\000\364\000i\000\040\000t\000r\001\260\036\335\000n\000g}{}% 52
\BOOKMARK [1][]{section.3.1}{\376\377\000T\000r\036\257\000c\000\040\000n\000g\000h\000i\036\307\000m}{chapter.3}% 53
\BOOKMARK [1][]{section.3.2}{\376\377\000T\036\361\000\040\000l\000u\036\255\000n}{chapter.3}% 54
\BOOKMARK [0][]{chapter.4}{\376\377\000P\000r\000e\000-\000c\000o\000u\000r\000s\000e\000:\000\040\000C\000h\000u\000y\036\303\000n\000\040\001\021\036\331\000n\000g\000\040\000t\000h\036\263\000n\000g\000\040\001\021\036\301\000u\000\040\000-\000\040\000C\000h\000u\000y\036\303\000n\000\040\001\021\036\331\000n\000g\000\040\000t\000h\036\263\000n\000g\000\040\000b\000i\036\277\000n\000\040\001\021\036\325\000i\000\040\001\021\036\301\000u}{}% 55
\BOOKMARK [0][]{chapter.5}{\376\377\000P\000r\000e\000-\000c\000o\000u\000r\000s\000e\000:\000\040\000S\036\361\000\040\000r\001\241\000i\000\040\000t\036\361\000\040\000d\000o\000\040\000-\000\040\000C\000h\000u\000y\036\303\000n\000\040\001\021\036\331\000n\000g\000\040\000t\000r\000\362\000n\000\040\001\021\036\301\000u}{}% 56
\BOOKMARK [0][]{chapter.6}{\376\377\000P\000r\000e\000-\000c\000o\000u\000r\000s\000e\000:\000\040\000T\036\325\000n\000g\000\040\000h\036\343\000p\000\040\000v\000\340\000\040\000p\000h\000\342\000n\000\040\000t\000\355\000c\000h\000\040\000l\036\361\000c\000.\000\040\001\020\000i\036\301\000u\000\040\000k\000i\036\307\000n\000\040\000c\000\342\000n\000\040\000b\036\261\000n\000g\000\040\000c\036\347\000a\000\040\000c\000h\036\245\000t\000\040\001\021\000i\036\303\000m}{}% 57
\BOOKMARK [0][]{chapter.7}{\376\377\000P\000r\000e\000-\000c\000o\000u\000r\000s\000e\000:\000\040\000B\000a\000\040\001\021\036\313\000n\000h\000\040\000l\000u\036\255\000t\000\040\000N\000e\000w\000t\000o\000n}{}% 58
